  [1m[35m (809.9ms)[0m  [1m[35mCREATE DATABASE "brokenRails_development" ENCODING = 'unicode'[0m
  ↳ /usr/local/bin/rake:22
  [1m[35m (628.2ms)[0m  [1m[35mCREATE DATABASE "brokenRails_test" ENCODING = 'unicode'[0m
  ↳ /usr/local/bin/rake:22
Started GET "/" for 127.0.0.1 at 2019-01-31 15:47:06 -0500
Processing by Rails::WelcomeController#index as HTML
  Rendering /Library/Ruby/Gems/2.3.0/gems/railties-5.2.2/lib/rails/templates/rails/welcome/index.html.erb
  Rendered /Library/Ruby/Gems/2.3.0/gems/railties-5.2.2/lib/rails/templates/rails/welcome/index.html.erb (9.0ms)
Completed 200 OK in 47ms (Views: 19.5ms | ActiveRecord: 0.0ms)


Started GET "/" for 127.0.0.1 at 2019-01-31 15:54:59 -0500
  
ActionController::RoutingError (uninitialized constant PlacesController):
  
bootsnap (1.3.2) lib/bootsnap/load_path_cache/core_ext/active_support.rb:74:in `block in load_missing_constant'
bootsnap (1.3.2) lib/bootsnap/load_path_cache/core_ext/active_support.rb:8:in `without_bootsnap_cache'
bootsnap (1.3.2) lib/bootsnap/load_path_cache/core_ext/active_support.rb:74:in `rescue in load_missing_constant'
bootsnap (1.3.2) lib/bootsnap/load_path_cache/core_ext/active_support.rb:56:in `load_missing_constant'
activesupport (5.2.2) lib/active_support/inflector/methods.rb:283:in `const_get'
activesupport (5.2.2) lib/active_support/inflector/methods.rb:283:in `block in constantize'
activesupport (5.2.2) lib/active_support/inflector/methods.rb:281:in `each'
activesupport (5.2.2) lib/active_support/inflector/methods.rb:281:in `inject'
activesupport (5.2.2) lib/active_support/inflector/methods.rb:281:in `constantize'
actionpack (5.2.2) lib/action_dispatch/http/request.rb:88:in `controller_class_for'
actionpack (5.2.2) lib/action_dispatch/http/request.rb:81:in `controller_class'
actionpack (5.2.2) lib/action_dispatch/routing/route_set.rb:46:in `controller'
actionpack (5.2.2) lib/action_dispatch/routing/route_set.rb:32:in `serve'
actionpack (5.2.2) lib/action_dispatch/journey/router.rb:52:in `block in serve'
actionpack (5.2.2) lib/action_dispatch/journey/router.rb:35:in `each'
actionpack (5.2.2) lib/action_dispatch/journey/router.rb:35:in `serve'
actionpack (5.2.2) lib/action_dispatch/routing/route_set.rb:840:in `call'
rack (2.0.6) lib/rack/tempfile_reaper.rb:15:in `call'
rack (2.0.6) lib/rack/etag.rb:25:in `call'
rack (2.0.6) lib/rack/conditional_get.rb:25:in `call'
rack (2.0.6) lib/rack/head.rb:12:in `call'
actionpack (5.2.2) lib/action_dispatch/http/content_security_policy.rb:18:in `call'
rack (2.0.6) lib/rack/session/abstract/id.rb:232:in `context'
rack (2.0.6) lib/rack/session/abstract/id.rb:226:in `call'
actionpack (5.2.2) lib/action_dispatch/middleware/cookies.rb:670:in `call'
activerecord (5.2.2) lib/active_record/migration.rb:559:in `call'
actionpack (5.2.2) lib/action_dispatch/middleware/callbacks.rb:28:in `block in call'
activesupport (5.2.2) lib/active_support/callbacks.rb:98:in `run_callbacks'
actionpack (5.2.2) lib/action_dispatch/middleware/callbacks.rb:26:in `call'
actionpack (5.2.2) lib/action_dispatch/middleware/executor.rb:14:in `call'
actionpack (5.2.2) lib/action_dispatch/middleware/debug_exceptions.rb:61:in `call'
web-console (3.7.0) lib/web_console/middleware.rb:135:in `call_app'
web-console (3.7.0) lib/web_console/middleware.rb:30:in `block in call'
web-console (3.7.0) lib/web_console/middleware.rb:20:in `catch'
web-console (3.7.0) lib/web_console/middleware.rb:20:in `call'
actionpack (5.2.2) lib/action_dispatch/middleware/show_exceptions.rb:33:in `call'
railties (5.2.2) lib/rails/rack/logger.rb:38:in `call_app'
railties (5.2.2) lib/rails/rack/logger.rb:26:in `block in call'
activesupport (5.2.2) lib/active_support/tagged_logging.rb:71:in `block in tagged'
activesupport (5.2.2) lib/active_support/tagged_logging.rb:28:in `tagged'
activesupport (5.2.2) lib/active_support/tagged_logging.rb:71:in `tagged'
railties (5.2.2) lib/rails/rack/logger.rb:26:in `call'
sprockets-rails (3.2.1) lib/sprockets/rails/quiet_assets.rb:13:in `call'
actionpack (5.2.2) lib/action_dispatch/middleware/remote_ip.rb:81:in `call'
actionpack (5.2.2) lib/action_dispatch/middleware/request_id.rb:27:in `call'
rack (2.0.6) lib/rack/method_override.rb:22:in `call'
rack (2.0.6) lib/rack/runtime.rb:22:in `call'
activesupport (5.2.2) lib/active_support/cache/strategy/local_cache_middleware.rb:29:in `call'
actionpack (5.2.2) lib/action_dispatch/middleware/executor.rb:14:in `call'
actionpack (5.2.2) lib/action_dispatch/middleware/static.rb:127:in `call'
rack (2.0.6) lib/rack/sendfile.rb:111:in `call'
railties (5.2.2) lib/rails/engine.rb:524:in `call'
puma (3.12.0) lib/puma/configuration.rb:225:in `call'
puma (3.12.0) lib/puma/server.rb:658:in `handle_request'
puma (3.12.0) lib/puma/server.rb:472:in `process_client'
puma (3.12.0) lib/puma/server.rb:332:in `block in run'
puma (3.12.0) lib/puma/thread_pool.rb:133:in `block in spawn_thread'
Started GET "/" for 127.0.0.1 at 2019-01-31 15:55:14 -0500
Processing by ItemsController#index as HTML
  Rendering items/index.html.erb within layouts/application
  Rendered items/index.html.erb within layouts/application (0.5ms)
Completed 200 OK in 1035ms (Views: 1031.7ms | ActiveRecord: 0.0ms)


  [1m[35m (37.9ms)[0m  [1m[35mCREATE TABLE "schema_migrations" ("version" character varying NOT NULL PRIMARY KEY)[0m
  ↳ /usr/local/bin/rake:22
  [1m[35m (37.6ms)[0m  [1m[35mCREATE TABLE "ar_internal_metadata" ("key" character varying NOT NULL PRIMARY KEY, "value" character varying, "created_at" timestamp NOT NULL, "updated_at" timestamp NOT NULL)[0m
  ↳ /usr/local/bin/rake:22
  [1m[35m (2.6ms)[0m  [1m[34mSELECT pg_try_advisory_lock(6516145214986432620)[0m
  ↳ /usr/local/bin/rake:22
  [1m[35m (1.8ms)[0m  [1m[34mSELECT "schema_migrations"."version" FROM "schema_migrations" ORDER BY "schema_migrations"."version" ASC[0m
  ↳ /usr/local/bin/rake:22
Migrating to CreateItems (20190131210725)
  [1m[35m (25.5ms)[0m  [1m[35mBEGIN[0m
  ↳ /usr/local/bin/rake:22
  [1m[35m (13.5ms)[0m  [1m[35mCREATE TABLE "items" ("id" bigserial primary key, "name" character varying, "quantity" integer, "created_at" timestamp NOT NULL, "updated_at" timestamp NOT NULL)[0m
  ↳ db/migrate/20190131210725_create_items.rb:3
  [1m[36mActiveRecord::SchemaMigration Create (3.0ms)[0m  [1m[32mINSERT INTO "schema_migrations" ("version") VALUES ($1) RETURNING "version"[0m  [["version", "20190131210725"]]
  ↳ /usr/local/bin/rake:22
  [1m[35m (1.0ms)[0m  [1m[35mCOMMIT[0m
  ↳ /usr/local/bin/rake:22
  [1m[36mActiveRecord::InternalMetadata Load (0.8ms)[0m  [1m[34mSELECT  "ar_internal_metadata".* FROM "ar_internal_metadata" WHERE "ar_internal_metadata"."key" = $1 LIMIT $2[0m  [["key", "environment"], ["LIMIT", 1]]
  ↳ /usr/local/bin/rake:22
  [1m[35m (0.2ms)[0m  [1m[35mBEGIN[0m
  ↳ /usr/local/bin/rake:22
  [1m[36mActiveRecord::InternalMetadata Create (1.2ms)[0m  [1m[32mINSERT INTO "ar_internal_metadata" ("key", "value", "created_at", "updated_at") VALUES ($1, $2, $3, $4) RETURNING "key"[0m  [["key", "environment"], ["value", "development"], ["created_at", "2019-01-31 21:09:00.377394"], ["updated_at", "2019-01-31 21:09:00.377394"]]
  ↳ /usr/local/bin/rake:22
  [1m[35m (0.5ms)[0m  [1m[35mCOMMIT[0m
  ↳ /usr/local/bin/rake:22
  [1m[35m (0.4ms)[0m  [1m[34mSELECT pg_advisory_unlock(6516145214986432620)[0m
  ↳ /usr/local/bin/rake:22
  [1m[35m (0.7ms)[0m  [1m[34mSELECT "schema_migrations"."version" FROM "schema_migrations" ORDER BY "schema_migrations"."version" ASC[0m
  ↳ /usr/local/bin/rake:22
Started GET "/" for 127.0.0.1 at 2019-01-31 16:10:22 -0500
  [1m[35m (1.1ms)[0m  [1m[34mSELECT "schema_migrations"."version" FROM "schema_migrations" ORDER BY "schema_migrations"."version" ASC[0m
  ↳ /Library/Ruby/Gems/2.3.0/gems/activerecord-5.2.2/lib/active_record/log_subscriber.rb:98
Processing by ItemsController#index as HTML
  Rendering items/index.html.erb within layouts/application
  [1m[36mItem Load (11.3ms)[0m  [1m[34mSELECT  "items".* FROM "items" LIMIT $1[0m  [["LIMIT", 11]]
  ↳ app/views/items/index.html.erb:3
  Rendered items/index.html.erb within layouts/application (19.9ms)
Completed 200 OK in 151ms (Views: 124.9ms | ActiveRecord: 16.0ms)


  [1m[35m (0.2ms)[0m  [1m[35mBEGIN[0m
  [1m[36mItem Create (30.9ms)[0m  [1m[32mINSERT INTO "items" ("name", "quantity", "created_at", "updated_at") VALUES ($1, $2, $3, $4) RETURNING "id"[0m  [["name", "Bread"], ["quantity", 1], ["created_at", "2019-01-31 21:12:13.320431"], ["updated_at", "2019-01-31 21:12:13.320431"]]
  [1m[35m (25.5ms)[0m  [1m[35mCOMMIT[0m
  [1m[35m (0.3ms)[0m  [1m[35mBEGIN[0m
  [1m[36mItem Create (0.5ms)[0m  [1m[32mINSERT INTO "items" ("name", "quantity", "created_at", "updated_at") VALUES ($1, $2, $3, $4) RETURNING "id"[0m  [["name", "Cheese"], ["quantity", 3], ["created_at", "2019-01-31 21:12:34.797033"], ["updated_at", "2019-01-31 21:12:34.797033"]]
  [1m[35m (40.9ms)[0m  [1m[35mCOMMIT[0m
Started GET "/" for 127.0.0.1 at 2019-01-31 16:12:38 -0500
Processing by ItemsController#index as HTML
  Rendering items/index.html.erb within layouts/application
  [1m[36mItem Load (40.7ms)[0m  [1m[34mSELECT  "items".* FROM "items" LIMIT $1[0m  [["LIMIT", 11]]
  ↳ app/views/items/index.html.erb:3
  Rendered items/index.html.erb within layouts/application (79.1ms)
Completed 200 OK in 148ms (Views: 95.0ms | ActiveRecord: 47.0ms)


Started GET "/" for 127.0.0.1 at 2019-01-31 16:17:05 -0500
Processing by ItemsController#index as HTML
  Rendering items/index.html.erb within layouts/application
  [1m[36mItem Load (0.5ms)[0m  [1m[34mSELECT  "items".* FROM "items" LIMIT $1[0m  [["LIMIT", 11]]
  ↳ app/views/items/index.html.erb:3
  Rendered items/index.html.erb within layouts/application (2.3ms)
Completed 200 OK in 56ms (Views: 36.6ms | ActiveRecord: 7.0ms)


Started GET "/" for 127.0.0.1 at 2019-01-31 16:19:50 -0500
Processing by ItemsController#index as HTML
  Rendering items/index.html.erb within layouts/application
  [1m[36mItem Load (0.6ms)[0m  [1m[34mSELECT  "items".* FROM "items" LIMIT $1[0m  [["LIMIT", 11]]
  ↳ app/views/items/index.html.erb:3
  [1m[36mCACHE Item Load (0.0ms)[0m  [1m[34mSELECT  "items".* FROM "items" LIMIT $1[0m  [["LIMIT", 11]]
  ↳ /Library/Ruby/Gems/2.3.0/gems/activerecord-5.2.2/lib/active_record/log_subscriber.rb:98
  [1m[36mCACHE Item Load (0.1ms)[0m  [1m[34mSELECT  "items".* FROM "items" LIMIT $1[0m  [["LIMIT", 11]]
  ↳ /Library/Ruby/Gems/2.3.0/gems/activerecord-5.2.2/lib/active_record/log_subscriber.rb:98
  [1m[36mCACHE Item Load (0.0ms)[0m  [1m[34mSELECT  "items".* FROM "items" LIMIT $1[0m  [["LIMIT", 11]]
  ↳ /Library/Ruby/Gems/2.3.0/gems/activerecord-5.2.2/lib/active_record/log_subscriber.rb:98
  [1m[36mCACHE Item Load (0.0ms)[0m  [1m[34mSELECT  "items".* FROM "items" LIMIT $1[0m  [["LIMIT", 11]]
  ↳ /Library/Ruby/Gems/2.3.0/gems/activerecord-5.2.2/lib/active_record/log_subscriber.rb:98
  Rendered items/index.html.erb within layouts/application (164.6ms)
Completed 500 Internal Server Error in 193ms (ActiveRecord: 7.4ms)


  
ActionView::Template::Error (undefined method `simple_form_for' for #<#<Class:0x00007fcdabada2c0>:0x00007fcdaf552fd8>
Did you mean?  simple_format):
    4: 
    5: <div class="container">
    6:   <h1>Enter Your Place Details</h1>
    7:   <%= simple_form_for @place do |f| %>
    8:     <%= f.input :name %>
    9:     <%= f.input :quantity %>
   10:     <br />
  
app/views/items/index.html.erb:7:in `_app_views_items_index_html_erb___3594156236470626450_70260693192400'
Started GET "/" for 127.0.0.1 at 2019-01-31 16:20:07 -0500
Processing by ItemsController#index as HTML
  Rendering items/index.html.erb within layouts/application
  [1m[36mItem Load (0.6ms)[0m  [1m[34mSELECT  "items".* FROM "items" LIMIT $1[0m  [["LIMIT", 11]]
  ↳ app/views/items/index.html.erb:3
  [1m[36mCACHE Item Load (0.0ms)[0m  [1m[34mSELECT  "items".* FROM "items" LIMIT $1[0m  [["LIMIT", 11]]
  ↳ /Library/Ruby/Gems/2.3.0/gems/activerecord-5.2.2/lib/active_record/log_subscriber.rb:98
  [1m[36mCACHE Item Load (0.0ms)[0m  [1m[34mSELECT  "items".* FROM "items" LIMIT $1[0m  [["LIMIT", 11]]
  ↳ /Library/Ruby/Gems/2.3.0/gems/activerecord-5.2.2/lib/active_record/log_subscriber.rb:98
  [1m[36mCACHE Item Load (0.0ms)[0m  [1m[34mSELECT  "items".* FROM "items" LIMIT $1[0m  [["LIMIT", 11]]
  ↳ /Library/Ruby/Gems/2.3.0/gems/activerecord-5.2.2/lib/active_record/log_subscriber.rb:98
  [1m[36mCACHE Item Load (0.0ms)[0m  [1m[34mSELECT  "items".* FROM "items" LIMIT $1[0m  [["LIMIT", 11]]
  ↳ /Library/Ruby/Gems/2.3.0/gems/activerecord-5.2.2/lib/active_record/log_subscriber.rb:98
  Rendered items/index.html.erb within layouts/application (135.8ms)
Completed 500 Internal Server Error in 145ms (ActiveRecord: 0.6ms)


  
ActionView::Template::Error (undefined method `simple_form_for' for #<#<Class:0x00007fcdabada2c0>:0x00007fcdad3bd328>
Did you mean?  simple_format):
    4: 
    5: <div class="container">
    6:   <h1>Enter Your Place Details</h1>
    7:   <%= simple_form_for @item do |f| %>
    8:     <%= f.input :name %>
    9:     <%= f.input :quantity %>
   10:     <br />
  
app/views/items/index.html.erb:7:in `_app_views_items_index_html_erb___3594156236470626450_70260675702440'
Started GET "/" for 127.0.0.1 at 2019-01-31 16:20:57 -0500
  [1m[35m (0.9ms)[0m  [1m[34mSELECT "schema_migrations"."version" FROM "schema_migrations" ORDER BY "schema_migrations"."version" ASC[0m
  ↳ /Library/Ruby/Gems/2.3.0/gems/activerecord-5.2.2/lib/active_record/log_subscriber.rb:98
Processing by ItemsController#index as HTML
  Rendering items/index.html.erb within layouts/application
  [1m[36mItem Load (0.8ms)[0m  [1m[34mSELECT  "items".* FROM "items" LIMIT $1[0m  [["LIMIT", 11]]
  ↳ app/views/items/index.html.erb:3
  Rendered items/index.html.erb within layouts/application (189.8ms)
Completed 200 OK in 546ms (Views: 501.5ms | ActiveRecord: 7.9ms)


Started GET "/" for 127.0.0.1 at 2019-01-31 16:22:20 -0500
Processing by ItemsController#index as HTML
  Rendering items/index.html.erb within layouts/application
  [1m[36mItem Load (0.5ms)[0m  [1m[34mSELECT  "items".* FROM "items" LIMIT $1[0m  [["LIMIT", 11]]
  ↳ app/views/items/index.html.erb:3
  Rendered items/index.html.erb within layouts/application (8.4ms)
Completed 200 OK in 61ms (Views: 41.5ms | ActiveRecord: 8.6ms)


Started GET "/" for 127.0.0.1 at 2019-01-31 16:22:48 -0500
Processing by ItemsController#index as HTML
  Rendering items/index.html.erb within layouts/application
  [1m[36mItem Load (0.5ms)[0m  [1m[34mSELECT  "items".* FROM "items" LIMIT $1[0m  [["LIMIT", 11]]
  ↳ app/views/items/index.html.erb:3
  Rendered items/index.html.erb within layouts/application (10.8ms)
Completed 200 OK in 139ms (Views: 117.4ms | ActiveRecord: 11.0ms)


Started POST "/items" for 127.0.0.1 at 2019-01-31 16:23:07 -0500
Processing by ItemsController#create as HTML
  Parameters: {"utf8"=>"✓", "authenticity_token"=>"3XpSYaoNv/mQZeW2Eiho2B9xsNY/8JzLqUbKHW6IwLnA7FxrCRiVUbLaJRElkHkbbKjw2HbrMlLxZ7XnTRdQSQ==", "item"=>{"name"=>"Yogurt", "quantity"=>"5"}, "commit"=>"Create"}
  [1m[35m (0.3ms)[0m  [1m[35mBEGIN[0m
  ↳ app/controllers/items_controller.rb:8
  [1m[36mItem Create (1.8ms)[0m  [1m[32mINSERT INTO "items" ("name", "quantity", "created_at", "updated_at") VALUES ($1, $2, $3, $4) RETURNING "id"[0m  [["name", "Yogurt"], ["quantity", 5], ["created_at", "2019-01-31 21:23:07.147865"], ["updated_at", "2019-01-31 21:23:07.147865"]]
  ↳ app/controllers/items_controller.rb:8
  [1m[35m (41.8ms)[0m  [1m[35mCOMMIT[0m
  ↳ app/controllers/items_controller.rb:8
Redirected to http://localhost:3000/
Completed 302 Found in 51ms (ActiveRecord: 44.0ms)


Started GET "/" for 127.0.0.1 at 2019-01-31 16:23:07 -0500
Processing by ItemsController#index as HTML
  Rendering items/index.html.erb within layouts/application
  [1m[36mItem Load (0.5ms)[0m  [1m[34mSELECT  "items".* FROM "items" LIMIT $1[0m  [["LIMIT", 11]]
  ↳ app/views/items/index.html.erb:3
  Rendered items/index.html.erb within layouts/application (10.7ms)
Completed 200 OK in 40ms (Views: 36.9ms | ActiveRecord: 0.5ms)


Started GET "/" for 127.0.0.1 at 2019-01-31 16:28:27 -0500
  [1m[35m (1.0ms)[0m  [1m[34mSELECT "schema_migrations"."version" FROM "schema_migrations" ORDER BY "schema_migrations"."version" ASC[0m
  ↳ /Library/Ruby/Gems/2.3.0/gems/activerecord-5.2.2/lib/active_record/log_subscriber.rb:98
Processing by ItemsController#index as HTML
  Rendering items/index.html.erb within layouts/application
  [1m[36mItem Load (0.7ms)[0m  [1m[34mSELECT  "items".* FROM "items" LIMIT $1[0m  [["LIMIT", 11]]
  ↳ app/views/items/index.html.erb:3
  Rendered items/index.html.erb within layouts/application (64.5ms)
Completed 200 OK in 6603ms (Views: 6546.2ms | ActiveRecord: 9.8ms)


Started GET "/" for 127.0.0.1 at 2019-01-31 16:30:28 -0500
Processing by ItemsController#index as HTML
  Rendering items/index.html.erb within layouts/application
  [1m[36mItem Load (1.8ms)[0m  [1m[34mSELECT  "items".* FROM "items" LIMIT $1[0m  [["LIMIT", 11]]
  ↳ app/views/items/index.html.erb:3
  [1m[36mItem Load (0.4ms)[0m  [1m[34mSELECT "items".* FROM "items"[0m
  ↳ app/views/items/index.html.erb:8
  Rendered items/index.html.erb within layouts/application (18.5ms)
Completed 200 OK in 112ms (Views: 99.5ms | ActiveRecord: 7.1ms)


Started GET "/" for 127.0.0.1 at 2019-01-31 16:30:39 -0500
Processing by ItemsController#index as HTML
  Rendering items/index.html.erb within layouts/application
  [1m[36mItem Load (0.8ms)[0m  [1m[34mSELECT  "items".* FROM "items" LIMIT $1[0m  [["LIMIT", 11]]
  ↳ app/views/items/index.html.erb:3
  [1m[36mItem Load (0.5ms)[0m  [1m[34mSELECT "items".* FROM "items"[0m
  ↳ app/views/items/index.html.erb:8
  Rendered items/index.html.erb within layouts/application (14.4ms)
Completed 200 OK in 113ms (Views: 108.2ms | ActiveRecord: 1.3ms)


Started GET "/" for 127.0.0.1 at 2019-01-31 16:30:50 -0500
Processing by ItemsController#index as HTML
  Rendering items/index.html.erb within layouts/application
  [1m[36mItem Load (0.4ms)[0m  [1m[34mSELECT  "items".* FROM "items" LIMIT $1[0m  [["LIMIT", 11]]
  ↳ app/views/items/index.html.erb:3
  [1m[36mItem Load (0.4ms)[0m  [1m[34mSELECT "items".* FROM "items"[0m
  ↳ app/views/items/index.html.erb:8
  Rendered items/index.html.erb within layouts/application (7.1ms)
Completed 200 OK in 121ms (Views: 116.7ms | ActiveRecord: 0.8ms)


Started GET "/" for 127.0.0.1 at 2019-01-31 16:31:12 -0500
Processing by ItemsController#index as HTML
  Rendering items/index.html.erb within layouts/application
  [1m[36mItem Load (0.5ms)[0m  [1m[34mSELECT  "items".* FROM "items" LIMIT $1[0m  [["LIMIT", 11]]
  ↳ app/views/items/index.html.erb:3
  [1m[36mItem Load (0.4ms)[0m  [1m[34mSELECT "items".* FROM "items"[0m
  ↳ app/views/items/index.html.erb:8
  Rendered items/index.html.erb within layouts/application (14.3ms)
Completed 200 OK in 133ms (Views: 129.9ms | ActiveRecord: 0.9ms)


Started GET "/" for 127.0.0.1 at 2019-01-31 16:31:42 -0500
Processing by ItemsController#index as HTML
  Rendering items/index.html.erb within layouts/application
  [1m[36mItem Load (0.6ms)[0m  [1m[34mSELECT "items".* FROM "items"[0m
  ↳ app/views/items/index.html.erb:5
  Rendered items/index.html.erb within layouts/application (15.6ms)
Completed 200 OK in 124ms (Views: 119.6ms | ActiveRecord: 0.6ms)


Started GET "/" for 127.0.0.1 at 2019-01-31 16:31:53 -0500
Processing by ItemsController#index as HTML
  Rendering items/index.html.erb within layouts/application
  [1m[36mItem Load (0.5ms)[0m  [1m[34mSELECT "items".* FROM "items"[0m
  ↳ app/views/items/index.html.erb:5
  Rendered items/index.html.erb within layouts/application (10.8ms)
Completed 200 OK in 107ms (Views: 104.8ms | ActiveRecord: 0.5ms)


Started GET "/" for 127.0.0.1 at 2019-01-31 16:37:26 -0500
  [1m[35m (1.1ms)[0m  [1m[34mSELECT "schema_migrations"."version" FROM "schema_migrations" ORDER BY "schema_migrations"."version" ASC[0m
  ↳ /Library/Ruby/Gems/2.3.0/gems/activerecord-5.2.2/lib/active_record/log_subscriber.rb:98
Processing by ItemsController#index as HTML
  Rendering items/index.html.erb within layouts/application
  [1m[36mItem Load (0.7ms)[0m  [1m[34mSELECT "items".* FROM "items"[0m
  ↳ app/views/items/index.html.erb:5
  Rendered items/index.html.erb within layouts/application (55.3ms)
Completed 200 OK in 6159ms (Views: 6117.0ms | ActiveRecord: 7.5ms)


Started GET "/" for 127.0.0.1 at 2019-01-31 16:38:21 -0500
Processing by ItemsController#index as HTML
  Rendering items/index.html.erb within layouts/application
  [1m[36mItem Load (0.4ms)[0m  [1m[34mSELECT "items".* FROM "items"[0m
  ↳ app/views/items/index.html.erb:5
  Rendered items/index.html.erb within layouts/application (9.3ms)
Completed 200 OK in 97ms (Views: 93.9ms | ActiveRecord: 0.4ms)


Started GET "/" for 127.0.0.1 at 2019-01-31 16:39:39 -0500
Processing by ItemsController#index as HTML
  Rendering items/index.html.erb within layouts/application
  [1m[36mItem Load (0.4ms)[0m  [1m[34mSELECT "items".* FROM "items"[0m
  ↳ app/views/items/index.html.erb:5
  Rendered items/index.html.erb within layouts/application (17.8ms)
Completed 200 OK in 131ms (Views: 128.8ms | ActiveRecord: 0.4ms)


Started GET "/" for 127.0.0.1 at 2019-01-31 16:40:05 -0500
Processing by ItemsController#index as HTML
  Rendering items/index.html.erb within layouts/application
  [1m[36mItem Load (0.5ms)[0m  [1m[34mSELECT "items".* FROM "items"[0m
  ↳ app/views/items/index.html.erb:5
  Rendered items/index.html.erb within layouts/application (6.6ms)
Completed 200 OK in 81ms (Views: 75.8ms | ActiveRecord: 0.5ms)


Started GET "/" for 127.0.0.1 at 2019-01-31 16:43:16 -0500
Processing by ItemsController#index as HTML
  Rendering items/index.html.erb within layouts/application
  Rendered items/index.html.erb within layouts/application (3.2ms)
Completed 500 Internal Server Error in 12ms (ActiveRecord: 0.0ms)


  
SyntaxError (/Users/Josh/brokenRails/app/views/items/index.html.erb:7: syntax error, unexpected tSTRING_BEG, expecting keyword_do or '{' or '('
...em), method: :delete, fa_icon "ban" );@output_buffer.safe_ap...
...                               ^):
  
app/views/items/index.html.erb:7: syntax error, unexpected tSTRING_BEG, expecting keyword_do or '{' or '('
Started GET "/" for 127.0.0.1 at 2019-01-31 16:44:11 -0500
Processing by ItemsController#index as HTML
  Rendering items/index.html.erb within layouts/application
  Rendered items/index.html.erb within layouts/application (0.8ms)
Completed 500 Internal Server Error in 13ms (ActiveRecord: 0.0ms)


  
SyntaxError (/Users/Josh/brokenRails/app/views/items/index.html.erb:7: syntax error, unexpected tSTRING_BEG, expecting keyword_do or '{' or '('
...nt to delete this?'}, fa_icon "ban" );@output_buffer.safe_ap...
...                               ^):
  
app/views/items/index.html.erb:7: syntax error, unexpected tSTRING_BEG, expecting keyword_do or '{' or '('
Started GET "/" for 127.0.0.1 at 2019-01-31 16:45:54 -0500
Processing by ItemsController#index as HTML
  Rendering items/index.html.erb within layouts/application
  [1m[36mItem Load (0.5ms)[0m  [1m[34mSELECT "items".* FROM "items"[0m
  ↳ app/views/items/index.html.erb:5
  Rendered items/index.html.erb within layouts/application (4.1ms)
Completed 500 Internal Server Error in 14ms (ActiveRecord: 0.5ms)


  
ActionView::Template::Error (No route matches {:action=>"show", :controller=>"items", :id=>nil}, missing required keys: [:id]):
    4: 
    5:     <% @items.each do |item| %>
    6:     <div>
    7:         <p><%= item.name %> | <%= link_to 'Destroy', item_path(@item), method: :delete,  data: {confirm: 'Are you sure you want to delete this?'} %> | <%= item.quantity %></p>
    8:     </div>
    9:     <% end %>
   10: 
  
app/views/items/index.html.erb:7:in `block in _app_views_items_index_html_erb___115839337122888761_70152856787640'
app/views/items/index.html.erb:5:in `_app_views_items_index_html_erb___115839337122888761_70152856787640'
Started GET "/" for 127.0.0.1 at 2019-01-31 16:47:54 -0500
Processing by ItemsController#index as HTML
  Rendering items/index.html.erb within layouts/application
  Rendered items/index.html.erb within layouts/application (1.9ms)
Completed 500 Internal Server Error in 35ms (ActiveRecord: 9.2ms)


  
SyntaxError (/Users/Josh/brokenRails/app/views/items/index.html.erb:7: syntax error, unexpected tSTRING_BEG, expecting keyword_do or '{' or '('
...nt to delete this?'}, fa_icon 'ban' );@output_buffer.safe_ap...
...                               ^):
  
app/views/items/index.html.erb:7: syntax error, unexpected tSTRING_BEG, expecting keyword_do or '{' or '('
Started GET "/" for 127.0.0.1 at 2019-01-31 16:48:16 -0500
Processing by ItemsController#index as HTML
  Rendering items/index.html.erb within layouts/application
  Rendered items/index.html.erb within layouts/application (2.1ms)
Completed 500 Internal Server Error in 11ms (ActiveRecord: 0.0ms)


  
SyntaxError (/Users/Josh/brokenRails/app/views/items/index.html.erb:7: syntax error, unexpected '='
... want to delete this?'}, class="btn btn-danger" );@output_bu...
...                               ^):
  
app/views/items/index.html.erb:7: syntax error, unexpected '='
Started GET "/" for 127.0.0.1 at 2019-01-31 16:48:57 -0500
Processing by ItemsController#index as HTML
  Rendering items/index.html.erb within layouts/application
  [1m[36mItem Load (0.5ms)[0m  [1m[34mSELECT "items".* FROM "items"[0m
  ↳ app/views/items/index.html.erb:5
  Rendered items/index.html.erb within layouts/application (5.4ms)
Completed 500 Internal Server Error in 18ms (ActiveRecord: 0.5ms)


  
ActionView::Template::Error (No route matches {:action=>"show", :controller=>"items", :id=>nil}, missing required keys: [:id]):
    4: 
    5:     <% @items.each do |item| %>
    6:     <div>
    7:         <p><%= item.name %> | <%= link_to 'Destroy', item_path(@item), method: :delete, data: {confirm: 'Are you sure you want to delete this?'},class: 'btn btn-danger' %> | <%= item.quantity %></p>
    8:     </div>
    9:     <% end %>
   10: 
  
app/views/items/index.html.erb:7:in `block in _app_views_items_index_html_erb___115839337122888761_70152881877520'
app/views/items/index.html.erb:5:in `_app_views_items_index_html_erb___115839337122888761_70152881877520'
Started GET "/" for 127.0.0.1 at 2019-01-31 16:50:22 -0500
Processing by ItemsController#index as HTML
  Rendering items/index.html.erb within layouts/application
  [1m[36mItem Load (1.1ms)[0m  [1m[34mSELECT "items".* FROM "items"[0m
  ↳ app/views/items/index.html.erb:5
  Rendered items/index.html.erb within layouts/application (15.4ms)
Completed 200 OK in 110ms (Views: 106.4ms | ActiveRecord: 1.1ms)


Started GET "/" for 127.0.0.1 at 2019-01-31 16:50:51 -0500
Processing by ItemsController#index as HTML
  Rendering items/index.html.erb within layouts/application
  Rendered items/index.html.erb within layouts/application (1.7ms)
Completed 500 Internal Server Error in 11ms (ActiveRecord: 0.0ms)


  
SyntaxError (/Users/Josh/brokenRails/app/views/items/index.html.erb:7: syntax error, unexpected tSTRING_BEG, expecting keyword_do or '{' or '('
...nt to delete this?'}, fa_icon "ban" );@output_buffer.safe_ap...
...                               ^):
  
app/views/items/index.html.erb:7: syntax error, unexpected tSTRING_BEG, expecting keyword_do or '{' or '('
Started GET "/" for 127.0.0.1 at 2019-01-31 16:51:33 -0500
Processing by ItemsController#index as HTML
  Rendering items/index.html.erb within layouts/application
  Rendered items/index.html.erb within layouts/application (0.9ms)
Completed 500 Internal Server Error in 9ms (ActiveRecord: 0.0ms)


  
SyntaxError (/Users/Josh/brokenRails/app/views/items/index.html.erb:7: syntax error, unexpected tSTRING_BEG, expecting keyword_do or '{' or '('
...pend=( fa_icon "ban", link_to 'Destroy', item_path(item.id),...
...                               ^
/Users/Josh/brokenRails/app/views/items/index.html.erb:7: syntax error, unexpected ',', expecting ')'
..._icon "ban", link_to 'Destroy', item_path(item.id), method: ...
...                               ^
/Users/Josh/brokenRails/app/views/items/index.html.erb:7: syntax error, unexpected ',', expecting ')'
... 'Destroy', item_path(item.id), method: :delete, data: {conf...
...                               ^):
  
app/views/items/index.html.erb:7: syntax error, unexpected tSTRING_BEG, expecting keyword_do or '{' or '('
app/views/items/index.html.erb:7: syntax error, unexpected ',', expecting ')'
app/views/items/index.html.erb:7: syntax error, unexpected ',', expecting ')'
Started GET "/" for 127.0.0.1 at 2019-01-31 16:51:55 -0500
Processing by ItemsController#index as HTML
  Rendering items/index.html.erb within layouts/application
  [1m[36mItem Load (0.4ms)[0m  [1m[34mSELECT "items".* FROM "items"[0m
  ↳ app/views/items/index.html.erb:5
  Rendered items/index.html.erb within layouts/application (7.6ms)
Completed 200 OK in 92ms (Views: 88.9ms | ActiveRecord: 0.4ms)


Started DELETE "/items/1" for 127.0.0.1 at 2019-01-31 16:51:58 -0500
Processing by ItemsController#destroy as HTML
  Parameters: {"authenticity_token"=>"bVd/ntTSjgvxSgMfnvpMqPJu/ovAv0As/Fy7vAoz/dZwwXGUd8eko9P1w7ipQl1rgbe+hYmk7rWkfcRGKaxtJg==", "id"=>"1"}
  [1m[36mItem Load (0.7ms)[0m  [1m[34mSELECT  "items".* FROM "items" WHERE "items"."id" = $1 LIMIT $2[0m  [["id", 1], ["LIMIT", 1]]
  ↳ app/controllers/items_controller.rb:13
  [1m[35m (0.4ms)[0m  [1m[35mBEGIN[0m
  ↳ app/controllers/items_controller.rb:14
  [1m[36mItem Destroy (30.6ms)[0m  [1m[31mDELETE FROM "items" WHERE "items"."id" = $1[0m  [["id", 1]]
  ↳ app/controllers/items_controller.rb:14
  [1m[35m (0.6ms)[0m  [1m[35mCOMMIT[0m
  ↳ app/controllers/items_controller.rb:14
Redirected to http://localhost:3000/
Completed 302 Found in 40ms (ActiveRecord: 32.6ms)


Started GET "/" for 127.0.0.1 at 2019-01-31 16:51:58 -0500
Processing by ItemsController#index as HTML
  Rendering items/index.html.erb within layouts/application
  [1m[36mItem Load (0.4ms)[0m  [1m[34mSELECT "items".* FROM "items"[0m
  ↳ app/views/items/index.html.erb:5
  Rendered items/index.html.erb within layouts/application (7.7ms)
Completed 200 OK in 71ms (Views: 68.6ms | ActiveRecord: 0.4ms)


Started GET "/" for 127.0.0.1 at 2019-01-31 16:53:34 -0500
Processing by ItemsController#index as HTML
  Rendering items/index.html.erb within layouts/application
  [1m[36mItem Load (0.4ms)[0m  [1m[34mSELECT "items".* FROM "items"[0m
  ↳ app/views/items/index.html.erb:5
  Rendered items/index.html.erb within layouts/application (6.5ms)
Completed 200 OK in 83ms (Views: 80.7ms | ActiveRecord: 0.4ms)


Started GET "/" for 127.0.0.1 at 2019-01-31 16:53:51 -0500
Processing by ItemsController#index as HTML
  Rendering items/index.html.erb within layouts/application
  [1m[36mItem Load (2.5ms)[0m  [1m[34mSELECT "items".* FROM "items"[0m
  ↳ app/views/items/index.html.erb:5
  Rendered items/index.html.erb within layouts/application (8.4ms)
Completed 200 OK in 68ms (Views: 63.0ms | ActiveRecord: 2.5ms)


Started GET "/" for 127.0.0.1 at 2019-01-31 16:54:14 -0500
Processing by ItemsController#index as HTML
  Rendering items/index.html.erb within layouts/application
  [1m[36mItem Load (0.5ms)[0m  [1m[34mSELECT "items".* FROM "items"[0m
  ↳ app/views/items/index.html.erb:5
  Rendered items/index.html.erb within layouts/application (7.6ms)
Completed 200 OK in 83ms (Views: 80.7ms | ActiveRecord: 0.5ms)


Started GET "/" for 127.0.0.1 at 2019-01-31 16:54:44 -0500
Processing by ItemsController#index as HTML
  Rendering items/index.html.erb within layouts/application
  [1m[36mItem Load (0.4ms)[0m  [1m[34mSELECT "items".* FROM "items"[0m
  ↳ app/views/items/index.html.erb:5
  Rendered items/index.html.erb within layouts/application (11.4ms)
Completed 200 OK in 92ms (Views: 89.2ms | ActiveRecord: 0.4ms)


Started GET "/" for 127.0.0.1 at 2019-01-31 16:54:53 -0500
Processing by ItemsController#index as HTML
  Rendering items/index.html.erb within layouts/application
  [1m[36mItem Load (0.5ms)[0m  [1m[34mSELECT "items".* FROM "items"[0m
  ↳ app/views/items/index.html.erb:5
  Rendered items/index.html.erb within layouts/application (8.6ms)
Completed 200 OK in 80ms (Views: 76.3ms | ActiveRecord: 0.5ms)


Started GET "/" for 127.0.0.1 at 2019-01-31 16:55:26 -0500
Processing by ItemsController#index as HTML
  Rendering items/index.html.erb within layouts/application
  [1m[36mItem Load (0.4ms)[0m  [1m[34mSELECT "items".* FROM "items"[0m
  ↳ app/views/items/index.html.erb:5
  Rendered items/index.html.erb within layouts/application (10.4ms)
Completed 200 OK in 139ms (Views: 136.5ms | ActiveRecord: 0.4ms)


Started GET "/" for 127.0.0.1 at 2019-01-31 16:55:57 -0500
Processing by ItemsController#index as HTML
  Rendering items/index.html.erb within layouts/application
  [1m[36mItem Load (0.4ms)[0m  [1m[34mSELECT "items".* FROM "items"[0m
  ↳ app/views/items/index.html.erb:5
  Rendered items/index.html.erb within layouts/application (7.2ms)
Completed 200 OK in 111ms (Views: 107.4ms | ActiveRecord: 0.4ms)


Started GET "/" for 127.0.0.1 at 2019-01-31 16:56:21 -0500
Processing by ItemsController#index as HTML
  Rendering items/index.html.erb within layouts/application
  [1m[36mItem Load (0.4ms)[0m  [1m[34mSELECT "items".* FROM "items"[0m
  ↳ app/views/items/index.html.erb:5
  Rendered items/index.html.erb within layouts/application (9.0ms)
Completed 200 OK in 95ms (Views: 90.8ms | ActiveRecord: 0.4ms)


Started GET "/" for 127.0.0.1 at 2019-01-31 16:56:43 -0500
Processing by ItemsController#index as HTML
  Rendering items/index.html.erb within layouts/application
  [1m[36mItem Load (0.5ms)[0m  [1m[34mSELECT "items".* FROM "items"[0m
  ↳ app/views/items/index.html.erb:5
  Rendered items/index.html.erb within layouts/application (9.9ms)
Completed 200 OK in 112ms (Views: 107.7ms | ActiveRecord: 0.5ms)


Started GET "/" for 127.0.0.1 at 2019-01-31 16:57:57 -0500
Processing by ItemsController#index as HTML
  Rendering items/index.html.erb within layouts/application
  [1m[36mItem Load (0.4ms)[0m  [1m[34mSELECT "items".* FROM "items"[0m
  ↳ app/views/items/index.html.erb:5
  Rendered items/index.html.erb within layouts/application (7.7ms)
Completed 200 OK in 73ms (Views: 70.2ms | ActiveRecord: 0.4ms)


Started GET "/" for 127.0.0.1 at 2019-01-31 17:00:39 -0500
Processing by ItemsController#index as HTML
  Rendering items/index.html.erb within layouts/application
  [1m[36mItem Load (0.5ms)[0m  [1m[34mSELECT "items".* FROM "items"[0m
  ↳ app/views/items/index.html.erb:5
  Rendered items/index.html.erb within layouts/application (9.1ms)
Completed 200 OK in 101ms (Views: 98.3ms | ActiveRecord: 0.5ms)


Started GET "/" for 127.0.0.1 at 2019-01-31 17:01:03 -0500
Processing by ItemsController#index as HTML
  Rendering items/index.html.erb within layouts/application
  [1m[36mItem Load (0.4ms)[0m  [1m[34mSELECT "items".* FROM "items"[0m
  ↳ app/views/items/index.html.erb:5
  Rendered items/index.html.erb within layouts/application (7.1ms)
Completed 200 OK in 116ms (Views: 109.7ms | ActiveRecord: 0.4ms)


Started POST "/items" for 127.0.0.1 at 2019-01-31 17:01:11 -0500
Processing by ItemsController#create as HTML
  Parameters: {"utf8"=>"✓", "authenticity_token"=>"AGSqf7lHUT8/Vszh5oSTSTQPnOwBrkHiXuTcz9XEgfYd8qR1GlJ7lx3pDEbRPIKKR9bc4ki173sGxaM19lsRBg==", "item"=>{"name"=>"Bread", "quantity"=>"1"}, "commit"=>"Create"}
  [1m[35m (0.3ms)[0m  [1m[35mBEGIN[0m
  ↳ app/controllers/items_controller.rb:8
  [1m[36mItem Create (42.9ms)[0m  [1m[32mINSERT INTO "items" ("name", "quantity", "created_at", "updated_at") VALUES ($1, $2, $3, $4) RETURNING "id"[0m  [["name", "Bread"], ["quantity", 1], ["created_at", "2019-01-31 22:01:11.500066"], ["updated_at", "2019-01-31 22:01:11.500066"]]
  ↳ app/controllers/items_controller.rb:8
  [1m[35m (2.2ms)[0m  [1m[35mCOMMIT[0m
  ↳ app/controllers/items_controller.rb:8
Redirected to http://localhost:3000/
Completed 302 Found in 55ms (ActiveRecord: 45.3ms)


Started GET "/" for 127.0.0.1 at 2019-01-31 17:01:11 -0500
Processing by ItemsController#index as HTML
  Rendering items/index.html.erb within layouts/application
  [1m[36mItem Load (0.5ms)[0m  [1m[34mSELECT "items".* FROM "items"[0m
  ↳ app/views/items/index.html.erb:5
  Rendered items/index.html.erb within layouts/application (9.1ms)
Completed 200 OK in 99ms (Views: 96.2ms | ActiveRecord: 0.5ms)


Started GET "/" for 127.0.0.1 at 2019-01-31 17:01:25 -0500
Processing by ItemsController#index as HTML
  Rendering items/index.html.erb within layouts/application
  [1m[36mItem Load (0.4ms)[0m  [1m[34mSELECT "items".* FROM "items"[0m
  ↳ app/views/items/index.html.erb:5
  Rendered items/index.html.erb within layouts/application (7.8ms)
Completed 200 OK in 109ms (Views: 105.1ms | ActiveRecord: 0.4ms)


Started GET "/" for 127.0.0.1 at 2019-01-31 17:01:33 -0500
Processing by ItemsController#index as HTML
  Rendering items/index.html.erb within layouts/application
  [1m[36mItem Load (0.5ms)[0m  [1m[34mSELECT "items".* FROM "items"[0m
  ↳ app/views/items/index.html.erb:5
  Rendered items/index.html.erb within layouts/application (8.2ms)
Completed 200 OK in 95ms (Views: 92.0ms | ActiveRecord: 0.5ms)


Started GET "/" for 127.0.0.1 at 2019-01-31 17:01:43 -0500
Processing by ItemsController#index as HTML
  Rendering items/index.html.erb within layouts/application
  [1m[36mItem Load (0.4ms)[0m  [1m[34mSELECT "items".* FROM "items"[0m
  ↳ app/views/items/index.html.erb:5
  Rendered items/index.html.erb within layouts/application (13.2ms)
Completed 200 OK in 124ms (Views: 119.3ms | ActiveRecord: 0.4ms)


Started GET "/" for 127.0.0.1 at 2019-01-31 17:08:38 -0500
Processing by ItemsController#index as HTML
  Rendering items/index.html.erb within layouts/application
  [1m[36mItem Load (1.9ms)[0m  [1m[34mSELECT "items".* FROM "items"[0m
  ↳ app/views/items/index.html.erb:37
  Rendered items/index.html.erb within layouts/application (74.5ms)
Completed 200 OK in 264ms (Views: 231.9ms | ActiveRecord: 7.4ms)


Started GET "/" for 127.0.0.1 at 2019-01-31 17:08:51 -0500
Processing by ItemsController#index as HTML
  Rendering items/index.html.erb within layouts/application
  [1m[36mItem Load (0.7ms)[0m  [1m[34mSELECT "items".* FROM "items"[0m
  ↳ app/views/items/index.html.erb:37
  Rendered items/index.html.erb within layouts/application (15.4ms)
Completed 200 OK in 129ms (Views: 125.5ms | ActiveRecord: 0.7ms)


Started GET "/" for 127.0.0.1 at 2019-01-31 17:09:06 -0500
Processing by ItemsController#index as HTML
  Rendering items/index.html.erb within layouts/application
  [1m[36mItem Load (0.5ms)[0m  [1m[34mSELECT "items".* FROM "items"[0m
  ↳ app/views/items/index.html.erb:37
  Rendered items/index.html.erb within layouts/application (15.6ms)
Completed 200 OK in 103ms (Views: 99.0ms | ActiveRecord: 0.5ms)


Started GET "/" for 127.0.0.1 at 2019-01-31 17:11:47 -0500
Processing by ItemsController#index as HTML
  Rendering items/index.html.erb within layouts/application
  [1m[36mItem Load (0.5ms)[0m  [1m[34mSELECT "items".* FROM "items"[0m
  ↳ app/views/items/index.html.erb:12
  Rendered items/index.html.erb within layouts/application (9.4ms)
Completed 200 OK in 108ms (Views: 105.3ms | ActiveRecord: 0.5ms)


Started GET "/" for 127.0.0.1 at 2019-01-31 17:12:29 -0500
Processing by ItemsController#index as HTML
  Rendering items/index.html.erb within layouts/application
  [1m[36mItem Load (1.0ms)[0m  [1m[34mSELECT "items".* FROM "items"[0m
  ↳ app/views/items/index.html.erb:12
  Rendered items/index.html.erb within layouts/application (14.2ms)
Completed 200 OK in 125ms (Views: 120.7ms | ActiveRecord: 1.0ms)


Started GET "/" for 127.0.0.1 at 2019-01-31 17:12:39 -0500
Processing by ItemsController#index as HTML
  Rendering items/index.html.erb within layouts/application
  [1m[36mItem Load (0.4ms)[0m  [1m[34mSELECT "items".* FROM "items"[0m
  ↳ app/views/items/index.html.erb:12
  Rendered items/index.html.erb within layouts/application (16.5ms)
Completed 500 Internal Server Error in 28ms (ActiveRecord: 0.4ms)


  
ActionView::Template::Error (undefined method `count' for #<Item:0x00007f9b7968e608>):
    11:         <tbody>
    12:             <% @items.each do |item| %>
    13:             <tr>
    14:             <th scope="row"><%= item.count %></th>
    15:             <td><%= item.name %></td>
    16:             <td><%= item.quantity %></td>
    17:             <td><%= link_to 'Remove Item', item_path(item.id), method: :delete, data: {confirm: 'Are you sure you want to delete this?'}, class: 'btn btn-danger' %></td>
  
app/views/items/index.html.erb:14:in `block in _app_views_items_index_html_erb___115839337122888761_70152906140700'
app/views/items/index.html.erb:12:in `_app_views_items_index_html_erb___115839337122888761_70152906140700'
Started GET "/" for 127.0.0.1 at 2019-01-31 17:12:45 -0500
Processing by ItemsController#index as HTML
  Rendering items/index.html.erb within layouts/application
  [1m[36mItem Load (0.4ms)[0m  [1m[34mSELECT "items".* FROM "items"[0m
  ↳ app/views/items/index.html.erb:12
  Rendered items/index.html.erb within layouts/application (10.9ms)
Completed 200 OK in 105ms (Views: 100.7ms | ActiveRecord: 0.4ms)


Started GET "/" for 127.0.0.1 at 2019-01-31 17:13:52 -0500
Processing by ItemsController#index as HTML
  Rendering items/index.html.erb within layouts/application
  [1m[36mItem Load (0.5ms)[0m  [1m[34mSELECT "items".* FROM "items"[0m
  ↳ app/views/items/index.html.erb:12
  Rendered items/index.html.erb within layouts/application (16.1ms)
Completed 500 Internal Server Error in 23ms (ActiveRecord: 0.5ms)


  
ActionView::Template::Error (undefined method `each_with_index' for #<Item:0x00007f9b7fb43b70>):
    11:         <tbody>
    12:             <% @items.each do |item| %>
    13:             <tr>
    14:             <th scope="row"><%= item.each_with_index %></th>
    15:             <td><%= item.name %></td>
    16:             <td><%= item.quantity %></td>
    17:             <td><%= link_to 'Remove Item', item_path(item.id), method: :delete, data: {confirm: 'Are you sure you want to delete this?'}, class: 'btn btn-danger' %></td>
  
app/views/items/index.html.erb:14:in `block in _app_views_items_index_html_erb___115839337122888761_70152858081200'
app/views/items/index.html.erb:12:in `_app_views_items_index_html_erb___115839337122888761_70152858081200'
Started GET "/" for 127.0.0.1 at 2019-01-31 17:13:57 -0500
Processing by ItemsController#index as HTML
  Rendering items/index.html.erb within layouts/application
  [1m[36mItem Load (0.4ms)[0m  [1m[34mSELECT "items".* FROM "items"[0m
  ↳ app/views/items/index.html.erb:12
  Rendered items/index.html.erb within layouts/application (10.2ms)
Completed 200 OK in 84ms (Views: 82.0ms | ActiveRecord: 0.4ms)


Started GET "/" for 127.0.0.1 at 2019-01-31 17:15:41 -0500
Processing by ItemsController#index as HTML
  Rendering items/index.html.erb within layouts/application
  [1m[36mItem Load (0.8ms)[0m  [1m[34mSELECT "items".* FROM "items"[0m
  ↳ app/views/items/index.html.erb:12
  Rendered items/index.html.erb within layouts/application (19.4ms)
Completed 200 OK in 142ms (Views: 138.0ms | ActiveRecord: 0.8ms)


Started GET "/" for 127.0.0.1 at 2019-01-31 17:16:42 -0500
Processing by ItemsController#index as HTML
  Rendering items/index.html.erb within layouts/application
  [1m[36mItem Load (0.6ms)[0m  [1m[34mSELECT "items".* FROM "items"[0m
  ↳ app/views/items/index.html.erb:12
  Rendered items/index.html.erb within layouts/application (12.4ms)
Completed 500 Internal Server Error in 20ms (ActiveRecord: 0.6ms)


  
ActionView::Template::Error (undefined method `map' for #<Item:0x00007f9b77576330>
Did you mean?  tap):
    11:         <tbody>
    12:             <% @items.each do |item| %>
    13:             <tr>
    14:             <th scope="row"><%= item.map.each_with_index %></th>
    15:             <td><%= item.name %></td>
    16:             <td><%= item.quantity %></td>
    17:             <td><%= link_to 'Remove Item', item_path(item.id), method: :delete, data: {confirm: 'Are you sure you want to delete this?'}, class: 'btn btn-danger' %></td>
  
app/views/items/index.html.erb:14:in `block in _app_views_items_index_html_erb___115839337122888761_70152883115600'
app/views/items/index.html.erb:12:in `_app_views_items_index_html_erb___115839337122888761_70152883115600'
Started GET "/" for 127.0.0.1 at 2019-01-31 17:16:48 -0500
Processing by ItemsController#index as HTML
  Rendering items/index.html.erb within layouts/application
  [1m[36mItem Load (0.4ms)[0m  [1m[34mSELECT "items".* FROM "items"[0m
  ↳ app/views/items/index.html.erb:12
  Rendered items/index.html.erb within layouts/application (13.1ms)
Completed 500 Internal Server Error in 21ms (ActiveRecord: 0.4ms)


  
ActionView::Template::Error (undefined method `each_with_index' for #<Item:0x00007f9b7fc24580>):
    11:         <tbody>
    12:             <% @items.each do |item| %>
    13:             <tr>
    14:             <th scope="row"><%= item.each_with_index %></th>
    15:             <td><%= item.name %></td>
    16:             <td><%= item.quantity %></td>
    17:             <td><%= link_to 'Remove Item', item_path(item.id), method: :delete, data: {confirm: 'Are you sure you want to delete this?'}, class: 'btn btn-danger' %></td>
  
app/views/items/index.html.erb:14:in `block in _app_views_items_index_html_erb___115839337122888761_70152910740380'
app/views/items/index.html.erb:12:in `_app_views_items_index_html_erb___115839337122888761_70152910740380'
Started GET "/" for 127.0.0.1 at 2019-01-31 17:17:00 -0500
Processing by ItemsController#index as HTML
  Rendering items/index.html.erb within layouts/application
  [1m[36mItem Load (0.5ms)[0m  [1m[34mSELECT "items".* FROM "items"[0m
  ↳ app/views/items/index.html.erb:12
  Rendered items/index.html.erb within layouts/application (13.1ms)
Completed 500 Internal Server Error in 21ms (ActiveRecord: 0.5ms)


  
ActionView::Template::Error (undefined method `each_with_index' for #<Item:0x00007f9b78440d48>):
    11:         <tbody>
    12:             <% @items.each do |item| %>
    13:             <tr>
    14:             <th scope="row"><%= item.each_with_index.map %></th>
    15:             <td><%= item.name %></td>
    16:             <td><%= item.quantity %></td>
    17:             <td><%= link_to 'Remove Item', item_path(item.id), method: :delete, data: {confirm: 'Are you sure you want to delete this?'}, class: 'btn btn-danger' %></td>
  
app/views/items/index.html.erb:14:in `block in _app_views_items_index_html_erb___115839337122888761_70152909504520'
app/views/items/index.html.erb:12:in `_app_views_items_index_html_erb___115839337122888761_70152909504520'
Started GET "/" for 127.0.0.1 at 2019-01-31 17:17:28 -0500
Processing by ItemsController#index as HTML
  Rendering items/index.html.erb within layouts/application
  [1m[36mItem Load (0.7ms)[0m  [1m[34mSELECT "items".* FROM "items"[0m
  ↳ app/views/items/index.html.erb:12
  Rendered items/index.html.erb within layouts/application (54.2ms)
Completed 200 OK in 241ms (Views: 228.0ms | ActiveRecord: 0.7ms)


Started GET "/" for 127.0.0.1 at 2019-01-31 17:17:36 -0500
Processing by ItemsController#index as HTML
  Rendering items/index.html.erb within layouts/application
  [1m[36mItem Load (0.6ms)[0m  [1m[34mSELECT "items".* FROM "items"[0m
  ↳ app/views/items/index.html.erb:12
  Rendered items/index.html.erb within layouts/application (9.1ms)
Completed 500 Internal Server Error in 17ms (ActiveRecord: 0.6ms)


  
ActionView::Template::Error (undefined method `i' for #<Item:0x00007f9b7d4f4528>
Did you mean?  id):
    11:         <tbody>
    12:             <% @items.each do |item, i| %>
    13:             <tr>
    14:             <th scope="row"><%= item.i %></th>
    15:             <td><%= item.name %></td>
    16:             <td><%= item.quantity %></td>
    17:             <td><%= link_to 'Remove Item', item_path(item.id), method: :delete, data: {confirm: 'Are you sure you want to delete this?'}, class: 'btn btn-danger' %></td>
  
app/views/items/index.html.erb:14:in `block in _app_views_items_index_html_erb___115839337122888761_70152856752500'
app/views/items/index.html.erb:12:in `_app_views_items_index_html_erb___115839337122888761_70152856752500'
Started GET "/" for 127.0.0.1 at 2019-01-31 17:18:39 -0500
Processing by ItemsController#index as HTML
  Rendering items/index.html.erb within layouts/application
  [1m[36mItem Load (0.5ms)[0m  [1m[34mSELECT "items".* FROM "items"[0m
  ↳ app/views/items/index.html.erb:12
  Rendered items/index.html.erb within layouts/application (12.4ms)
Completed 200 OK in 106ms (Views: 102.5ms | ActiveRecord: 0.5ms)


Started GET "/" for 127.0.0.1 at 2019-01-31 17:20:27 -0500
Processing by ItemsController#index as HTML
  Rendering items/index.html.erb within layouts/application
  [1m[36mItem Load (0.4ms)[0m  [1m[34mSELECT "items".* FROM "items"[0m
  ↳ app/views/items/index.html.erb:13
  Rendered items/index.html.erb within layouts/application (10.3ms)
Completed 200 OK in 122ms (Views: 119.2ms | ActiveRecord: 0.4ms)


Started GET "/" for 127.0.0.1 at 2019-01-31 17:20:41 -0500
Processing by ItemsController#index as HTML
  Rendering items/index.html.erb within layouts/application
  [1m[36mItem Load (0.4ms)[0m  [1m[34mSELECT "items".* FROM "items"[0m
  ↳ app/views/items/index.html.erb:13
  Rendered items/index.html.erb within layouts/application (9.4ms)
Completed 200 OK in 99ms (Views: 96.7ms | ActiveRecord: 0.4ms)


Started GET "/" for 127.0.0.1 at 2019-01-31 17:21:27 -0500
Processing by ItemsController#index as HTML
  Rendering items/index.html.erb within layouts/application
  [1m[36mItem Load (0.6ms)[0m  [1m[34mSELECT "items".* FROM "items"[0m
  ↳ app/views/items/index.html.erb:13
  Rendered items/index.html.erb within layouts/application (12.1ms)
Completed 200 OK in 130ms (Views: 125.5ms | ActiveRecord: 0.6ms)


Started GET "/" for 127.0.0.1 at 2019-01-31 17:21:33 -0500
Processing by ItemsController#index as HTML
  Rendering items/index.html.erb within layouts/application
  [1m[36mItem Load (0.4ms)[0m  [1m[34mSELECT "items".* FROM "items"[0m
  ↳ app/views/items/index.html.erb:13
  Rendered items/index.html.erb within layouts/application (9.1ms)
Completed 200 OK in 120ms (Views: 117.4ms | ActiveRecord: 0.4ms)


Started GET "/" for 127.0.0.1 at 2019-01-31 17:21:53 -0500
Processing by ItemsController#index as HTML
  Rendering items/index.html.erb within layouts/application
  [1m[36mItem Load (0.4ms)[0m  [1m[34mSELECT "items".* FROM "items"[0m
  ↳ app/views/items/index.html.erb:13
  Rendered items/index.html.erb within layouts/application (7.4ms)
Completed 200 OK in 86ms (Views: 83.3ms | ActiveRecord: 0.4ms)


Started GET "/" for 127.0.0.1 at 2019-01-31 17:23:09 -0500
Processing by ItemsController#index as HTML
  Rendering items/index.html.erb within layouts/application
  [1m[36mItem Load (0.4ms)[0m  [1m[34mSELECT "items".* FROM "items"[0m
  ↳ app/views/items/index.html.erb:12
  Rendered items/index.html.erb within layouts/application (13.9ms)
Completed 200 OK in 113ms (Views: 109.2ms | ActiveRecord: 0.4ms)


Started GET "/" for 127.0.0.1 at 2019-01-31 17:23:22 -0500
Processing by ItemsController#index as HTML
  Rendering items/index.html.erb within layouts/application
  [1m[36mItem Load (0.4ms)[0m  [1m[34mSELECT "items".* FROM "items"[0m
  ↳ app/views/items/index.html.erb:12
  Rendered items/index.html.erb within layouts/application (8.1ms)
Completed 200 OK in 78ms (Views: 74.8ms | ActiveRecord: 0.4ms)


Started GET "/" for 127.0.0.1 at 2019-01-31 17:23:31 -0500
Processing by ItemsController#index as HTML
  Rendering items/index.html.erb within layouts/application
  [1m[36mItem Load (1.3ms)[0m  [1m[34mSELECT "items".* FROM "items"[0m
  ↳ app/views/items/index.html.erb:12
  Rendered items/index.html.erb within layouts/application (8.7ms)
Completed 200 OK in 90ms (Views: 86.0ms | ActiveRecord: 1.3ms)


Started GET "/" for 127.0.0.1 at 2019-01-31 17:23:49 -0500
Processing by ItemsController#index as HTML
  Rendering items/index.html.erb within layouts/application
  [1m[36mItem Load (2.8ms)[0m  [1m[34mSELECT "items".* FROM "items"[0m
  ↳ app/views/items/index.html.erb:12
  Rendered items/index.html.erb within layouts/application (23.3ms)
Completed 200 OK in 99ms (Views: 93.6ms | ActiveRecord: 2.8ms)


Started GET "/" for 127.0.0.1 at 2019-01-31 17:24:04 -0500
Processing by ItemsController#index as HTML
  Rendering items/index.html.erb within layouts/application
  [1m[36mItem Load (0.6ms)[0m  [1m[34mSELECT "items".* FROM "items"[0m
  ↳ app/views/items/index.html.erb:12
  Rendered items/index.html.erb within layouts/application (13.5ms)
Completed 200 OK in 139ms (Views: 133.9ms | ActiveRecord: 0.6ms)


Started GET "/" for 127.0.0.1 at 2019-01-31 17:24:15 -0500
Processing by ItemsController#index as HTML
  Rendering items/index.html.erb within layouts/application
  [1m[36mItem Load (0.4ms)[0m  [1m[34mSELECT "items".* FROM "items"[0m
  ↳ app/views/items/index.html.erb:12
  Rendered items/index.html.erb within layouts/application (7.2ms)
Completed 200 OK in 72ms (Views: 69.0ms | ActiveRecord: 0.4ms)


Started GET "/" for 127.0.0.1 at 2019-01-31 17:25:38 -0500
Processing by ItemsController#index as HTML
  Rendering items/index.html.erb within layouts/application
  [1m[36mItem Load (1.0ms)[0m  [1m[34mSELECT "items".* FROM "items"[0m
  ↳ app/views/items/index.html.erb:16
  Rendered items/index.html.erb within layouts/application (8.0ms)
Completed 200 OK in 76ms (Views: 72.6ms | ActiveRecord: 1.0ms)


Started GET "/" for 127.0.0.1 at 2019-01-31 17:25:46 -0500
Processing by ItemsController#index as HTML
  Rendering items/index.html.erb within layouts/application
  [1m[36mItem Load (0.5ms)[0m  [1m[34mSELECT "items".* FROM "items"[0m
  ↳ app/views/items/index.html.erb:18
  Rendered items/index.html.erb within layouts/application (7.7ms)
Completed 200 OK in 86ms (Views: 81.9ms | ActiveRecord: 0.5ms)


Started GET "/" for 127.0.0.1 at 2019-01-31 17:25:59 -0500
Processing by ItemsController#index as HTML
  Rendering items/index.html.erb within layouts/application
  [1m[36mItem Load (0.5ms)[0m  [1m[34mSELECT "items".* FROM "items"[0m
  ↳ app/views/items/index.html.erb:18
  Rendered items/index.html.erb within layouts/application (8.3ms)
Completed 200 OK in 100ms (Views: 97.3ms | ActiveRecord: 0.5ms)


Started GET "/" for 127.0.0.1 at 2019-01-31 17:26:17 -0500
Processing by ItemsController#index as HTML
  Rendering items/index.html.erb within layouts/application
  [1m[36mItem Load (0.5ms)[0m  [1m[34mSELECT "items".* FROM "items"[0m
  ↳ app/views/items/index.html.erb:18
  Rendered items/index.html.erb within layouts/application (8.0ms)
Completed 200 OK in 89ms (Views: 85.1ms | ActiveRecord: 0.5ms)


Started GET "/" for 127.0.0.1 at 2019-01-31 17:27:16 -0500
Processing by ItemsController#index as HTML
  Rendering items/index.html.erb within layouts/application
  [1m[36mItem Load (0.4ms)[0m  [1m[34mSELECT "items".* FROM "items"[0m
  ↳ app/views/items/index.html.erb:18
  Rendered items/index.html.erb within layouts/application (10.0ms)
Completed 200 OK in 107ms (Views: 104.3ms | ActiveRecord: 0.4ms)


Started GET "/" for 127.0.0.1 at 2019-01-31 17:27:26 -0500
Processing by ItemsController#index as HTML
  Rendering items/index.html.erb within layouts/application
  [1m[36mItem Load (0.4ms)[0m  [1m[34mSELECT "items".* FROM "items"[0m
  ↳ app/views/items/index.html.erb:18
  Rendered items/index.html.erb within layouts/application (7.9ms)
Completed 200 OK in 85ms (Views: 82.2ms | ActiveRecord: 0.4ms)


Started GET "/" for 127.0.0.1 at 2019-01-31 17:27:33 -0500
Processing by ItemsController#index as HTML
  Rendering items/index.html.erb within layouts/application
  [1m[36mItem Load (0.4ms)[0m  [1m[34mSELECT "items".* FROM "items"[0m
  ↳ app/views/items/index.html.erb:18
  Rendered items/index.html.erb within layouts/application (8.3ms)
Completed 200 OK in 94ms (Views: 91.7ms | ActiveRecord: 0.4ms)


Started POST "/items" for 127.0.0.1 at 2019-01-31 17:28:19 -0500
Processing by ItemsController#create as HTML
  Parameters: {"utf8"=>"✓", "authenticity_token"=>"uGstTZRySMrwCvzyEFqI1winz+zS5C7JjrX7yHLrY32l/SNHN2diYtK1PFUn4pkUe36P4pv/gFDWlIQyUXTzjQ==", "item"=>{"name"=>"Bananas", "quantity"=>"7"}, "commit"=>"Create"}
  [1m[35m (0.5ms)[0m  [1m[35mBEGIN[0m
  ↳ app/controllers/items_controller.rb:8
  [1m[36mItem Create (2.8ms)[0m  [1m[32mINSERT INTO "items" ("name", "quantity", "created_at", "updated_at") VALUES ($1, $2, $3, $4) RETURNING "id"[0m  [["name", "Bananas"], ["quantity", 7], ["created_at", "2019-01-31 22:28:19.141215"], ["updated_at", "2019-01-31 22:28:19.141215"]]
  ↳ app/controllers/items_controller.rb:8
  [1m[35m (40.2ms)[0m  [1m[35mCOMMIT[0m
  ↳ app/controllers/items_controller.rb:8
Redirected to http://localhost:3000/
Completed 302 Found in 51ms (ActiveRecord: 43.4ms)


Started GET "/" for 127.0.0.1 at 2019-01-31 17:28:19 -0500
Processing by ItemsController#index as HTML
  Rendering items/index.html.erb within layouts/application
  [1m[36mItem Load (0.4ms)[0m  [1m[34mSELECT "items".* FROM "items"[0m
  ↳ app/views/items/index.html.erb:18
  Rendered items/index.html.erb within layouts/application (7.7ms)
Completed 200 OK in 98ms (Views: 95.8ms | ActiveRecord: 0.4ms)


Started DELETE "/items/2" for 127.0.0.1 at 2019-01-31 17:28:25 -0500
Processing by ItemsController#destroy as HTML
  Parameters: {"authenticity_token"=>"jHHFwv7H9g8KuJxsTFhJxgIcLGtuCxOIFsGJ1+DDYieR58vIXdLcpygHXMt74FgFccVsZScQvRFO4PYtw1zy1w==", "id"=>"2"}
  [1m[36mItem Load (1.2ms)[0m  [1m[34mSELECT  "items".* FROM "items" WHERE "items"."id" = $1 LIMIT $2[0m  [["id", 2], ["LIMIT", 1]]
  ↳ app/controllers/items_controller.rb:13
  [1m[35m (0.3ms)[0m  [1m[35mBEGIN[0m
  ↳ app/controllers/items_controller.rb:14
  [1m[36mItem Destroy (1.0ms)[0m  [1m[31mDELETE FROM "items" WHERE "items"."id" = $1[0m  [["id", 2]]
  ↳ app/controllers/items_controller.rb:14
  [1m[35m (40.9ms)[0m  [1m[35mCOMMIT[0m
  ↳ app/controllers/items_controller.rb:14
Redirected to http://localhost:3000/
Completed 302 Found in 51ms (ActiveRecord: 44.5ms)


Started GET "/" for 127.0.0.1 at 2019-01-31 17:28:25 -0500
Processing by ItemsController#index as HTML
  Rendering items/index.html.erb within layouts/application
  [1m[36mItem Load (0.6ms)[0m  [1m[34mSELECT "items".* FROM "items"[0m
  ↳ app/views/items/index.html.erb:18
  Rendered items/index.html.erb within layouts/application (7.8ms)
Completed 200 OK in 89ms (Views: 86.5ms | ActiveRecord: 0.6ms)


Started GET "/" for 127.0.0.1 at 2019-01-31 17:31:59 -0500
Processing by ItemsController#index as HTML
  Rendering items/index.html.erb within layouts/application
  [1m[36mItem Load (0.5ms)[0m  [1m[34mSELECT "items".* FROM "items"[0m
  ↳ app/views/items/index.html.erb:18
  Rendered items/index.html.erb within layouts/application (9.6ms)
Completed 200 OK in 93ms (Views: 90.1ms | ActiveRecord: 0.5ms)


Started GET "/" for 127.0.0.1 at 2019-01-31 17:33:00 -0500
Processing by ItemsController#index as HTML
  Rendering items/index.html.erb within layouts/application
  [1m[36mItem Load (0.4ms)[0m  [1m[34mSELECT "items".* FROM "items"[0m
  ↳ app/views/items/index.html.erb:18
  Rendered items/index.html.erb within layouts/application (279.5ms)
Completed 500 Internal Server Error in 352ms (ActiveRecord: 53.8ms)


  
ActionView::Template::Error (undefined method `items_path' for #<#<Class:0x00007f9b7f21dbe0>:0x00007f9b7f21c150>
Did you mean?  item_path):
    47:         <h4 class="modal-title" id="myModalLabel">Add Item</h4>
    48:       </div>
    49:       <div class="modal-body">
    50:         <%= simple_form_for @item do |f| %>
    51:             <%= f.input :name %>
    52:             <%= f.input :quantity %>
    53:             <br />
  
app/views/items/index.html.erb:50:in `_app_views_items_index_html_erb___115839337122888761_70152914793020'
Started GET "/" for 127.0.0.1 at 2019-01-31 17:33:47 -0500
Processing by ItemsController#index as HTML
  Rendering items/index.html.erb within layouts/application
  [1m[36mItem Load (0.5ms)[0m  [1m[34mSELECT  "items".* FROM "items" LIMIT $1[0m  [["LIMIT", 11]]
  ↳ /Library/Ruby/Gems/2.3.0/gems/activerecord-5.2.2/lib/active_record/log_subscriber.rb:98
  Rendered items/index.html.erb within layouts/application (8.2ms)
Completed 500 Internal Server Error in 28ms (ActiveRecord: 5.6ms)


  
ActionView::Template::Error (undefined method `eachx' for #<Item::ActiveRecord_Relation:0x00007f9b7fc46248>
Did you mean?  each):
    15:             <th scope="col">Remove</th>
    16:         </thead>
    17:         <tbody>
    18:             <% @items.eachx do |item, i| %>
    19:             <tr>
    20:             <th scope="row"><%= i %></th>
    21:             <td><%= item.name %></td>
  
app/views/items/index.html.erb:18:in `_app_views_items_index_html_erb___115839337122888761_70152911658220'
Started GET "/" for 127.0.0.1 at 2019-01-31 17:33:56 -0500
Processing by ItemsController#index as HTML
  Rendering items/index.html.erb within layouts/application
  [1m[36mItem Load (0.4ms)[0m  [1m[34mSELECT "items".* FROM "items"[0m
  ↳ app/views/items/index.html.erb:18
  Rendered items/index.html.erb within layouts/application (7.6ms)
Completed 200 OK in 85ms (Views: 81.5ms | ActiveRecord: 0.4ms)


Started GET "/" for 127.0.0.1 at 2019-01-31 17:35:17 -0500
Processing by ItemsController#index as HTML
  Rendering items/index.html.erb within layouts/application
  [1m[36mItem Load (1.0ms)[0m  [1m[34mSELECT "items".* FROM "items"[0m
  ↳ app/views/items/index.html.erb:18
  Rendered items/index.html.erb within layouts/application (20.9ms)
Completed 200 OK in 145ms (Views: 132.5ms | ActiveRecord: 9.0ms)


Started GET "/" for 127.0.0.1 at 2019-01-31 17:36:06 -0500
Processing by ItemsController#index as HTML
  Rendering items/index.html.erb within layouts/application
  [1m[36mItem Load (0.5ms)[0m  [1m[34mSELECT "items".* FROM "items"[0m
  ↳ app/views/items/index.html.erb:18
  Rendered items/index.html.erb within layouts/application (13.0ms)
Completed 200 OK in 131ms (Views: 126.8ms | ActiveRecord: 0.5ms)


Started GET "/" for 127.0.0.1 at 2019-01-31 17:36:18 -0500
Processing by ItemsController#index as HTML
  Rendering items/index.html.erb within layouts/application
  [1m[36mItem Load (1.1ms)[0m  [1m[34mSELECT "items".* FROM "items"[0m
  ↳ app/views/items/index.html.erb:18
  Rendered items/index.html.erb within layouts/application (16.3ms)
Completed 500 Internal Server Error in 27ms (ActiveRecord: 8.8ms)


  
ActionView::Template::Error (undefined method `i' for #<Item:0x00007f9b7f6f8908>
Did you mean?  id):
    20:             <th scope="row"><%= i %></th>
    21:             <td><%= item.name %></td>
    22:             <td><%= item.quantity %></td>
    23:             <td><%= link_to 'Remove Item', item_path(item.i), method: :delete, data: {confirm: 'Are you sure you want to delete this?'}, class: 'btn btn-danger btn-sm' %></td>
    24:             </tr>
    25:             <% end %>
    26:         </tbody>
  
app/views/items/index.html.erb:23:in `block in _app_views_items_index_html_erb___115839337122888761_70152857193160'
app/views/items/index.html.erb:18:in `_app_views_items_index_html_erb___115839337122888761_70152857193160'
Started GET "/" for 127.0.0.1 at 2019-01-31 17:36:37 -0500
Processing by ItemsController#index as HTML
  Rendering items/index.html.erb within layouts/application
  [1m[36mItem Load (0.4ms)[0m  [1m[34mSELECT "items".* FROM "items"[0m
  ↳ app/views/items/index.html.erb:18
  Rendered items/index.html.erb within layouts/application (7.3ms)
Completed 200 OK in 91ms (Views: 86.9ms | ActiveRecord: 0.4ms)


Started GET "/" for 127.0.0.1 at 2019-01-31 17:37:02 -0500
Processing by ItemsController#index as HTML
  Rendering items/index.html.erb within layouts/application
  [1m[36mItem Load (0.4ms)[0m  [1m[34mSELECT "items".* FROM "items"[0m
  ↳ app/views/items/index.html.erb:18
  Rendered items/index.html.erb within layouts/application (9.5ms)
Completed 200 OK in 96ms (Views: 93.0ms | ActiveRecord: 0.4ms)


Started POST "/items" for 127.0.0.1 at 2019-01-31 17:37:35 -0500
Processing by ItemsController#create as HTML
  Parameters: {"utf8"=>"✓", "authenticity_token"=>"6whiMRAejBKcNZPeBOUfFs1BBM5aPBvPNrU/RaEEzI32nmw7swumur6KU3kzXQ7VvphEwBMntVZulEC/gptcfQ==", "item"=>{"name"=>"Yogurt", "quantity"=>"3"}, "commit"=>"Edit"}
  [1m[35m (0.3ms)[0m  [1m[35mBEGIN[0m
  ↳ app/controllers/items_controller.rb:8
  [1m[36mItem Create (4.8ms)[0m  [1m[32mINSERT INTO "items" ("name", "quantity", "created_at", "updated_at") VALUES ($1, $2, $3, $4) RETURNING "id"[0m  [["name", "Yogurt"], ["quantity", 3], ["created_at", "2019-01-31 22:37:35.807610"], ["updated_at", "2019-01-31 22:37:35.807610"]]
  ↳ app/controllers/items_controller.rb:8
  [1m[35m (40.9ms)[0m  [1m[35mCOMMIT[0m
  ↳ app/controllers/items_controller.rb:8
Redirected to http://localhost:3000/
Completed 302 Found in 52ms (ActiveRecord: 46.0ms)


Started GET "/" for 127.0.0.1 at 2019-01-31 17:37:35 -0500
Processing by ItemsController#index as HTML
  Rendering items/index.html.erb within layouts/application
  [1m[36mItem Load (3.6ms)[0m  [1m[34mSELECT "items".* FROM "items"[0m
  ↳ app/views/items/index.html.erb:18
  Rendered items/index.html.erb within layouts/application (17.5ms)
Completed 200 OK in 112ms (Views: 101.4ms | ActiveRecord: 8.5ms)


Started DELETE "/items/6" for 127.0.0.1 at 2019-01-31 17:37:41 -0500
Processing by ItemsController#destroy as HTML
  Parameters: {"authenticity_token"=>"G9SWxhWKfvJBgI7V4Uh6E0JZHFEwZBw8qN11BrMcGysGQpjMtp9UWmM/TnLW8GvQMYBcX3l/sqXw/Ar8kIOL2w==", "id"=>"6"}
  [1m[36mItem Load (3.8ms)[0m  [1m[34mSELECT  "items".* FROM "items" WHERE "items"."id" = $1 LIMIT $2[0m  [["id", 6], ["LIMIT", 1]]
  ↳ app/controllers/items_controller.rb:13
  [1m[35m (0.4ms)[0m  [1m[35mBEGIN[0m
  ↳ app/controllers/items_controller.rb:14
  [1m[36mItem Destroy (3.1ms)[0m  [1m[31mDELETE FROM "items" WHERE "items"."id" = $1[0m  [["id", 6]]
  ↳ app/controllers/items_controller.rb:14
  [1m[35m (1.8ms)[0m  [1m[35mCOMMIT[0m
  ↳ app/controllers/items_controller.rb:14
Redirected to http://localhost:3000/
Completed 302 Found in 21ms (ActiveRecord: 10.8ms)


Started GET "/" for 127.0.0.1 at 2019-01-31 17:37:41 -0500
Processing by ItemsController#index as HTML
  Rendering items/index.html.erb within layouts/application
  [1m[36mItem Load (0.6ms)[0m  [1m[34mSELECT "items".* FROM "items"[0m
  ↳ app/views/items/index.html.erb:18
  Rendered items/index.html.erb within layouts/application (10.4ms)
Completed 200 OK in 157ms (Views: 152.2ms | ActiveRecord: 0.6ms)


Started GET "/" for 127.0.0.1 at 2019-01-31 17:40:02 -0500
Processing by ItemsController#index as HTML
Completed 406 Not Acceptable in 132ms (ActiveRecord: 0.0ms)


  
ActionController::UnknownFormat (ItemsController#index is missing a template for this request format and variant.

request.formats: ["text/html"]
request.variant: []

NOTE! For XHR/Ajax or API requests, this action would normally respond with 204 No Content: an empty white screen. Since you're loading it in a web browser, we assume that you expected to actually render a template, not nothing, so we're showing an error to be extra-clear. If you expect 204 No Content, carry on. That's what you'll get from an XHR or API request. Give it a shot.):
  
actionpack (5.2.2) lib/action_controller/metal/implicit_render.rb:55:in `default_render'
actionpack (5.2.2) lib/action_controller/metal/basic_implicit_render.rb:6:in `block in send_action'
actionpack (5.2.2) lib/action_controller/metal/basic_implicit_render.rb:6:in `tap'
actionpack (5.2.2) lib/action_controller/metal/basic_implicit_render.rb:6:in `send_action'
actionpack (5.2.2) lib/abstract_controller/base.rb:194:in `process_action'
actionpack (5.2.2) lib/action_controller/metal/rendering.rb:30:in `process_action'
actionpack (5.2.2) lib/abstract_controller/callbacks.rb:42:in `block in process_action'
activesupport (5.2.2) lib/active_support/callbacks.rb:132:in `run_callbacks'
actionpack (5.2.2) lib/abstract_controller/callbacks.rb:41:in `process_action'
actionpack (5.2.2) lib/action_controller/metal/rescue.rb:22:in `process_action'
actionpack (5.2.2) lib/action_controller/metal/instrumentation.rb:34:in `block in process_action'
activesupport (5.2.2) lib/active_support/notifications.rb:168:in `block in instrument'
activesupport (5.2.2) lib/active_support/notifications/instrumenter.rb:23:in `instrument'
activesupport (5.2.2) lib/active_support/notifications.rb:168:in `instrument'
actionpack (5.2.2) lib/action_controller/metal/instrumentation.rb:32:in `process_action'
actionpack (5.2.2) lib/action_controller/metal/params_wrapper.rb:256:in `process_action'
activerecord (5.2.2) lib/active_record/railties/controller_runtime.rb:24:in `process_action'
actionpack (5.2.2) lib/abstract_controller/base.rb:134:in `process'
actionview (5.2.2) lib/action_view/rendering.rb:32:in `process'
actionpack (5.2.2) lib/action_controller/metal.rb:191:in `dispatch'
actionpack (5.2.2) lib/action_controller/metal.rb:252:in `dispatch'
actionpack (5.2.2) lib/action_dispatch/routing/route_set.rb:52:in `dispatch'
actionpack (5.2.2) lib/action_dispatch/routing/route_set.rb:34:in `serve'
actionpack (5.2.2) lib/action_dispatch/journey/router.rb:52:in `block in serve'
actionpack (5.2.2) lib/action_dispatch/journey/router.rb:35:in `each'
actionpack (5.2.2) lib/action_dispatch/journey/router.rb:35:in `serve'
actionpack (5.2.2) lib/action_dispatch/routing/route_set.rb:840:in `call'
rack (2.0.6) lib/rack/tempfile_reaper.rb:15:in `call'
rack (2.0.6) lib/rack/etag.rb:25:in `call'
rack (2.0.6) lib/rack/conditional_get.rb:25:in `call'
rack (2.0.6) lib/rack/head.rb:12:in `call'
actionpack (5.2.2) lib/action_dispatch/http/content_security_policy.rb:18:in `call'
rack (2.0.6) lib/rack/session/abstract/id.rb:232:in `context'
rack (2.0.6) lib/rack/session/abstract/id.rb:226:in `call'
actionpack (5.2.2) lib/action_dispatch/middleware/cookies.rb:670:in `call'
activerecord (5.2.2) lib/active_record/migration.rb:559:in `call'
actionpack (5.2.2) lib/action_dispatch/middleware/callbacks.rb:28:in `block in call'
activesupport (5.2.2) lib/active_support/callbacks.rb:98:in `run_callbacks'
actionpack (5.2.2) lib/action_dispatch/middleware/callbacks.rb:26:in `call'
actionpack (5.2.2) lib/action_dispatch/middleware/executor.rb:14:in `call'
actionpack (5.2.2) lib/action_dispatch/middleware/debug_exceptions.rb:61:in `call'
web-console (3.7.0) lib/web_console/middleware.rb:135:in `call_app'
web-console (3.7.0) lib/web_console/middleware.rb:30:in `block in call'
web-console (3.7.0) lib/web_console/middleware.rb:20:in `catch'
web-console (3.7.0) lib/web_console/middleware.rb:20:in `call'
actionpack (5.2.2) lib/action_dispatch/middleware/show_exceptions.rb:33:in `call'
railties (5.2.2) lib/rails/rack/logger.rb:38:in `call_app'
railties (5.2.2) lib/rails/rack/logger.rb:26:in `block in call'
activesupport (5.2.2) lib/active_support/tagged_logging.rb:71:in `block in tagged'
activesupport (5.2.2) lib/active_support/tagged_logging.rb:28:in `tagged'
activesupport (5.2.2) lib/active_support/tagged_logging.rb:71:in `tagged'
railties (5.2.2) lib/rails/rack/logger.rb:26:in `call'
sprockets-rails (3.2.1) lib/sprockets/rails/quiet_assets.rb:13:in `call'
actionpack (5.2.2) lib/action_dispatch/middleware/remote_ip.rb:81:in `call'
actionpack (5.2.2) lib/action_dispatch/middleware/request_id.rb:27:in `call'
rack (2.0.6) lib/rack/method_override.rb:22:in `call'
rack (2.0.6) lib/rack/runtime.rb:22:in `call'
activesupport (5.2.2) lib/active_support/cache/strategy/local_cache_middleware.rb:29:in `call'
actionpack (5.2.2) lib/action_dispatch/middleware/executor.rb:14:in `call'
actionpack (5.2.2) lib/action_dispatch/middleware/static.rb:127:in `call'
rack (2.0.6) lib/rack/sendfile.rb:111:in `call'
railties (5.2.2) lib/rails/engine.rb:524:in `call'
puma (3.12.0) lib/puma/configuration.rb:225:in `call'
puma (3.12.0) lib/puma/server.rb:658:in `handle_request'
puma (3.12.0) lib/puma/server.rb:472:in `process_client'
puma (3.12.0) lib/puma/server.rb:332:in `block in run'
puma (3.12.0) lib/puma/thread_pool.rb:133:in `block in spawn_thread'
Started GET "/" for 127.0.0.1 at 2019-01-31 17:40:38 -0500
Processing by ItemsController#index as HTML
  Rendering items/index.html.erb within layouts/application
  [1m[36mItem Load (0.4ms)[0m  [1m[34mSELECT "items".* FROM "items"[0m
  ↳ app/views/items/index.html.erb:18
  Rendered items/index.html.erb within layouts/application (9.7ms)
Completed 200 OK in 138ms (Views: 117.2ms | ActiveRecord: 10.1ms)


Started POST "/items" for 127.0.0.1 at 2019-01-31 17:41:18 -0500
Processing by ItemsController#create as HTML
  Parameters: {"utf8"=>"✓", "authenticity_token"=>"bW26rTWMrzXQ7EHG0G0/ojzCq7wJx7PVATTg9X7KR3Bw+7SnlpmFnfJTgWHn1S5hTxvrskDcHUxZFZ8PXVXXgA==", "item"=>{"name"=>"Lettuce", "quantity"=>"3"}, "commit"=>"Edit"}
  [1m[35m (0.2ms)[0m  [1m[35mBEGIN[0m
  ↳ app/controllers/items_controller.rb:8
  [1m[36mItem Create (0.5ms)[0m  [1m[32mINSERT INTO "items" ("name", "quantity", "created_at", "updated_at") VALUES ($1, $2, $3, $4) RETURNING "id"[0m  [["name", "Lettuce"], ["quantity", 3], ["created_at", "2019-01-31 22:41:18.143081"], ["updated_at", "2019-01-31 22:41:18.143081"]]
  ↳ app/controllers/items_controller.rb:8
  [1m[35m (39.7ms)[0m  [1m[35mCOMMIT[0m
  ↳ app/controllers/items_controller.rb:8
No template found for ItemsController#create, rendering head :no_content
Completed 204 No Content in 160ms (ActiveRecord: 40.4ms)


Started GET "/" for 127.0.0.1 at 2019-01-31 17:41:20 -0500
Processing by ItemsController#index as HTML
  Rendering items/index.html.erb within layouts/application
  [1m[36mItem Load (1.1ms)[0m  [1m[34mSELECT "items".* FROM "items"[0m
  ↳ app/views/items/index.html.erb:18
  Rendered items/index.html.erb within layouts/application (18.1ms)
Completed 200 OK in 135ms (Views: 128.7ms | ActiveRecord: 1.1ms)


Started GET "/" for 127.0.0.1 at 2019-01-31 17:42:59 -0500
Processing by ItemsController#index as HTML
  Rendering items/index.html.erb within layouts/application
  [1m[36mItem Load (0.4ms)[0m  [1m[34mSELECT "items".* FROM "items"[0m
  ↳ app/views/items/index.html.erb:18
  Rendered items/index.html.erb within layouts/application (9.8ms)
Completed 200 OK in 131ms (Views: 117.8ms | ActiveRecord: 0.4ms)


Started GET "/" for 127.0.0.1 at 2019-02-05 14:56:59 -0500
  [1m[35m (5.7ms)[0m  [1m[34mSELECT "schema_migrations"."version" FROM "schema_migrations" ORDER BY "schema_migrations"."version" ASC[0m
  ↳ /Library/Ruby/Gems/2.3.0/gems/activerecord-5.2.2/lib/active_record/log_subscriber.rb:98
Processing by ItemsController#index as HTML
Completed 406 Not Acceptable in 310ms (ActiveRecord: 99.8ms)


  
ActionController::UnknownFormat (ItemsController#index is missing a template for this request format and variant.

request.formats: ["text/html"]
request.variant: []

NOTE! For XHR/Ajax or API requests, this action would normally respond with 204 No Content: an empty white screen. Since you're loading it in a web browser, we assume that you expected to actually render a template, not nothing, so we're showing an error to be extra-clear. If you expect 204 No Content, carry on. That's what you'll get from an XHR or API request. Give it a shot.):
  
actionpack (5.2.2) lib/action_controller/metal/implicit_render.rb:55:in `default_render'
actionpack (5.2.2) lib/action_controller/metal/basic_implicit_render.rb:6:in `block in send_action'
actionpack (5.2.2) lib/action_controller/metal/basic_implicit_render.rb:6:in `tap'
actionpack (5.2.2) lib/action_controller/metal/basic_implicit_render.rb:6:in `send_action'
actionpack (5.2.2) lib/abstract_controller/base.rb:194:in `process_action'
actionpack (5.2.2) lib/action_controller/metal/rendering.rb:30:in `process_action'
actionpack (5.2.2) lib/abstract_controller/callbacks.rb:42:in `block in process_action'
activesupport (5.2.2) lib/active_support/callbacks.rb:132:in `run_callbacks'
actionpack (5.2.2) lib/abstract_controller/callbacks.rb:41:in `process_action'
actionpack (5.2.2) lib/action_controller/metal/rescue.rb:22:in `process_action'
actionpack (5.2.2) lib/action_controller/metal/instrumentation.rb:34:in `block in process_action'
activesupport (5.2.2) lib/active_support/notifications.rb:168:in `block in instrument'
activesupport (5.2.2) lib/active_support/notifications/instrumenter.rb:23:in `instrument'
activesupport (5.2.2) lib/active_support/notifications.rb:168:in `instrument'
actionpack (5.2.2) lib/action_controller/metal/instrumentation.rb:32:in `process_action'
actionpack (5.2.2) lib/action_controller/metal/params_wrapper.rb:256:in `process_action'
activerecord (5.2.2) lib/active_record/railties/controller_runtime.rb:24:in `process_action'
actionpack (5.2.2) lib/abstract_controller/base.rb:134:in `process'
actionview (5.2.2) lib/action_view/rendering.rb:32:in `process'
actionpack (5.2.2) lib/action_controller/metal.rb:191:in `dispatch'
actionpack (5.2.2) lib/action_controller/metal.rb:252:in `dispatch'
actionpack (5.2.2) lib/action_dispatch/routing/route_set.rb:52:in `dispatch'
actionpack (5.2.2) lib/action_dispatch/routing/route_set.rb:34:in `serve'
actionpack (5.2.2) lib/action_dispatch/journey/router.rb:52:in `block in serve'
actionpack (5.2.2) lib/action_dispatch/journey/router.rb:35:in `each'
actionpack (5.2.2) lib/action_dispatch/journey/router.rb:35:in `serve'
actionpack (5.2.2) lib/action_dispatch/routing/route_set.rb:840:in `call'
rack (2.0.6) lib/rack/tempfile_reaper.rb:15:in `call'
rack (2.0.6) lib/rack/etag.rb:25:in `call'
rack (2.0.6) lib/rack/conditional_get.rb:25:in `call'
rack (2.0.6) lib/rack/head.rb:12:in `call'
actionpack (5.2.2) lib/action_dispatch/http/content_security_policy.rb:18:in `call'
rack (2.0.6) lib/rack/session/abstract/id.rb:232:in `context'
rack (2.0.6) lib/rack/session/abstract/id.rb:226:in `call'
actionpack (5.2.2) lib/action_dispatch/middleware/cookies.rb:670:in `call'
activerecord (5.2.2) lib/active_record/migration.rb:559:in `call'
actionpack (5.2.2) lib/action_dispatch/middleware/callbacks.rb:28:in `block in call'
activesupport (5.2.2) lib/active_support/callbacks.rb:98:in `run_callbacks'
actionpack (5.2.2) lib/action_dispatch/middleware/callbacks.rb:26:in `call'
actionpack (5.2.2) lib/action_dispatch/middleware/executor.rb:14:in `call'
actionpack (5.2.2) lib/action_dispatch/middleware/debug_exceptions.rb:61:in `call'
web-console (3.7.0) lib/web_console/middleware.rb:135:in `call_app'
web-console (3.7.0) lib/web_console/middleware.rb:30:in `block in call'
web-console (3.7.0) lib/web_console/middleware.rb:20:in `catch'
web-console (3.7.0) lib/web_console/middleware.rb:20:in `call'
actionpack (5.2.2) lib/action_dispatch/middleware/show_exceptions.rb:33:in `call'
railties (5.2.2) lib/rails/rack/logger.rb:38:in `call_app'
railties (5.2.2) lib/rails/rack/logger.rb:26:in `block in call'
activesupport (5.2.2) lib/active_support/tagged_logging.rb:71:in `block in tagged'
activesupport (5.2.2) lib/active_support/tagged_logging.rb:28:in `tagged'
activesupport (5.2.2) lib/active_support/tagged_logging.rb:71:in `tagged'
railties (5.2.2) lib/rails/rack/logger.rb:26:in `call'
sprockets-rails (3.2.1) lib/sprockets/rails/quiet_assets.rb:13:in `call'
actionpack (5.2.2) lib/action_dispatch/middleware/remote_ip.rb:81:in `call'
actionpack (5.2.2) lib/action_dispatch/middleware/request_id.rb:27:in `call'
rack (2.0.6) lib/rack/method_override.rb:22:in `call'
rack (2.0.6) lib/rack/runtime.rb:22:in `call'
activesupport (5.2.2) lib/active_support/cache/strategy/local_cache_middleware.rb:29:in `call'
actionpack (5.2.2) lib/action_dispatch/middleware/executor.rb:14:in `call'
actionpack (5.2.2) lib/action_dispatch/middleware/static.rb:127:in `call'
rack (2.0.6) lib/rack/sendfile.rb:111:in `call'
railties (5.2.2) lib/rails/engine.rb:524:in `call'
puma (3.12.0) lib/puma/configuration.rb:225:in `call'
puma (3.12.0) lib/puma/server.rb:658:in `handle_request'
puma (3.12.0) lib/puma/server.rb:472:in `process_client'
puma (3.12.0) lib/puma/server.rb:332:in `block in run'
puma (3.12.0) lib/puma/thread_pool.rb:133:in `block in spawn_thread'
Started GET "/" for 127.0.0.1 at 2019-02-05 14:58:31 -0500
  [1m[35m (1.7ms)[0m  [1m[34mSELECT "schema_migrations"."version" FROM "schema_migrations" ORDER BY "schema_migrations"."version" ASC[0m
  ↳ /Library/Ruby/Gems/2.3.0/gems/activerecord-5.2.2/lib/active_record/log_subscriber.rb:98
Processing by ItemsController#index as HTML
  Rendering items/index.html.erb within layouts/application
  [1m[36mItem Load (27.6ms)[0m  [1m[34mSELECT  "items".* FROM "items" LIMIT $1[0m  [["LIMIT", 11]]
  ↳ /Library/Ruby/Gems/2.3.0/gems/activerecord-5.2.2/lib/active_record/log_subscriber.rb:98
  [1m[36mCACHE Item Load (0.0ms)[0m  [1m[34mSELECT  "items".* FROM "items" LIMIT $1[0m  [["LIMIT", 11]]
  ↳ /Library/Ruby/Gems/2.3.0/gems/activerecord-5.2.2/lib/active_record/log_subscriber.rb:98
  [1m[36mCACHE Item Load (0.0ms)[0m  [1m[34mSELECT  "items".* FROM "items" LIMIT $1[0m  [["LIMIT", 11]]
  ↳ /Library/Ruby/Gems/2.3.0/gems/activerecord-5.2.2/lib/active_record/log_subscriber.rb:98
  [1m[36mCACHE Item Load (0.0ms)[0m  [1m[34mSELECT  "items".* FROM "items" LIMIT $1[0m  [["LIMIT", 11]]
  ↳ /Library/Ruby/Gems/2.3.0/gems/activerecord-5.2.2/lib/active_record/log_subscriber.rb:98
  [1m[36mCACHE Item Load (0.0ms)[0m  [1m[34mSELECT  "items".* FROM "items" LIMIT $1[0m  [["LIMIT", 11]]
  ↳ /Library/Ruby/Gems/2.3.0/gems/activerecord-5.2.2/lib/active_record/log_subscriber.rb:98
  [1m[36mCACHE Item Load (0.0ms)[0m  [1m[34mSELECT  "items".* FROM "items" LIMIT $1[0m  [["LIMIT", 11]]
  ↳ /Library/Ruby/Gems/2.3.0/gems/activerecord-5.2.2/lib/active_record/log_subscriber.rb:98
  [1m[36mCACHE Item Load (0.0ms)[0m  [1m[34mSELECT  "items".* FROM "items" LIMIT $1[0m  [["LIMIT", 11]]
  ↳ /Library/Ruby/Gems/2.3.0/gems/activerecord-5.2.2/lib/active_record/log_subscriber.rb:98
  [1m[36mCACHE Item Load (0.0ms)[0m  [1m[34mSELECT  "items".* FROM "items" LIMIT $1[0m  [["LIMIT", 11]]
  ↳ /Library/Ruby/Gems/2.3.0/gems/activerecord-5.2.2/lib/active_record/log_subscriber.rb:98
  Rendered items/index.html.erb within layouts/application (448.6ms)
Completed 500 Internal Server Error in 509ms (ActiveRecord: 34.5ms)


  
ActionView::Template::Error (undefined local variable or method `items' for #<#<Class:0x00007f832517a660>:0x00007f832516b4f8>
Did you mean?  @items
               items_url
               items_path
               @item):
    15:             <th scope="col">Remove</th>
    16:         </thead>
    17:         <tbody>
    18:             <% items.each do |item, i| %>
    19:             <tr>
    20:             <th scope="row"><%= i %></th>
    21:             <td><%= item.name %></td>
  
app/views/items/index.html.erb:18:in `_app_views_items_index_html_erb___1198369185186145342_70100619877140'
Started GET "/" for 127.0.0.1 at 2019-02-05 15:00:37 -0500
Processing by ItemsController#index as HTML
  Rendering items/index.html.erb within layouts/application
  [1m[36mItem Load (0.5ms)[0m  [1m[34mSELECT "items".* FROM "items"[0m
  ↳ app/views/items/index.html.erb:18
  Rendered items/index.html.erb within layouts/application (87.2ms)
Completed 500 Internal Server Error in 97ms (ActiveRecord: 0.5ms)


  
ActionView::Template::Error (undefined method `Name' for #<Item:0x00007f8323ecab50>
Did you mean?  name
               name=
               name?):
    48:       </div>
    49:       <div class="modal-body">
    50:         <%= simple_form_for @item do |f| %>
    51:             <%= f.input :Name %>
    52:             <%= f.input :quantity %>
    53:             <br />
    54:       </div>
  
app/views/items/index.html.erb:51:in `block in _app_views_items_index_html_erb___1198369185186145342_70100610112880'
app/views/items/index.html.erb:50:in `_app_views_items_index_html_erb___1198369185186145342_70100610112880'
Started GET "/" for 127.0.0.1 at 2019-02-05 15:00:50 -0500
Processing by ItemsController#index as HTML
  Rendering items/index.html.erb within layouts/application
  [1m[36mItem Load (0.6ms)[0m  [1m[34mSELECT "items".* FROM "items"[0m
  ↳ app/views/items/index.html.erb:18
  Rendered items/index.html.erb within layouts/application (8.4ms)
Completed 200 OK in 486ms (Views: 483.4ms | ActiveRecord: 0.6ms)


Started GET "/" for 127.0.0.1 at 2019-02-05 15:22:37 -0500
Processing by ItemsController#index as HTML
  Rendering items/index.html.erb within layouts/application
  [1m[36mItem Load (1.3ms)[0m  [1m[34mSELECT "items".* FROM "items"[0m
  ↳ app/views/items/index.html.erb:18
  Rendered items/index.html.erb within layouts/application (20.5ms)
Completed 200 OK in 228ms (Views: 187.6ms | ActiveRecord: 15.3ms)


Started POST "/items" for 127.0.0.1 at 2019-02-05 15:22:52 -0500
Processing by ItemsController#create as HTML
  Parameters: {"utf8"=>"✓", "authenticity_token"=>"THzsH9VLcKf1iSnqiGhgfWYMofDR1MClYkeXoGnWZZJU09EPh61sJw2YVKpMA3XXCtygsljU6Ye/hI7xEuCviA==", "item"=>{"name"=>"Kiwi", "quantity"=>"2"}, "commit"=>"Edit"}
  [1m[35m (41.9ms)[0m  [1m[35mBEGIN[0m
  ↳ app/controllers/items_controller.rb:8
  [1m[36mItem Create (12.0ms)[0m  [1m[32mINSERT INTO "items" ("name", "quantity", "created_at", "updated_at") VALUES ($1, $2, $3, $4) RETURNING "id"[0m  [["name", "Kiwi"], ["quantity", 2], ["created_at", "2019-02-05 20:22:52.800150"], ["updated_at", "2019-02-05 20:22:52.800150"]]
  ↳ app/controllers/items_controller.rb:8
  [1m[35m (3.0ms)[0m  [1m[35mCOMMIT[0m
  ↳ app/controllers/items_controller.rb:8
No template found for ItemsController#create, rendering head :no_content
Completed 204 No Content in 169ms (ActiveRecord: 56.9ms)


Started GET "/" for 127.0.0.1 at 2019-02-05 15:23:07 -0500
Processing by ItemsController#index as HTML
  Rendering items/index.html.erb within layouts/application
  [1m[36mItem Load (44.5ms)[0m  [1m[34mSELECT "items".* FROM "items"[0m
  ↳ app/views/items/index.html.erb:18
  Rendered items/index.html.erb within layouts/application (55.4ms)
Completed 200 OK in 143ms (Views: 96.2ms | ActiveRecord: 44.5ms)


Started GET "/" for 127.0.0.1 at 2019-02-05 15:25:27 -0500
Processing by ItemsController#index as HTML
  Rendering items/index.html.erb within layouts/application
  [1m[36mItem Load (0.4ms)[0m  [1m[34mSELECT "items".* FROM "items"[0m
  ↳ app/views/items/index.html.erb:18
  Rendered items/index.html.erb within layouts/application (7.7ms)
Completed 200 OK in 128ms (Views: 110.2ms | ActiveRecord: 5.9ms)


Started POST "/items" for 127.0.0.1 at 2019-02-05 15:25:36 -0500
Processing by ItemsController#create as HTML
  Parameters: {"utf8"=>"✓", "authenticity_token"=>"MwFX5TUrKr/vYtoBGJJBCBwGIuL1dei2suhgAqAqB4grrmr1Z802Pxdzp0Hc+VSicNYjoHx1wZRvK3lT2xzNkg==", "item"=>{"name"=>"Orange", "quantity"=>"4"}, "commit"=>"Add Item"}
  [1m[35m (4.5ms)[0m  [1m[35mBEGIN[0m
  ↳ app/controllers/items_controller.rb:8
  [1m[36mItem Create (1.0ms)[0m  [1m[32mINSERT INTO "items" ("name", "quantity", "created_at", "updated_at") VALUES ($1, $2, $3, $4) RETURNING "id"[0m  [["name", "Orange"], ["quantity", 4], ["created_at", "2019-02-05 20:25:36.461124"], ["updated_at", "2019-02-05 20:25:36.461124"]]
  ↳ app/controllers/items_controller.rb:8
  [1m[35m (5.6ms)[0m  [1m[35mCOMMIT[0m
  ↳ app/controllers/items_controller.rb:8
Completed 500 Internal Server Error in 288ms (ActiveRecord: 11.2ms)


  
NameError (undefined local variable or method `root_item_path' for #<ItemsController:0x00007f83238c09d0>
Did you mean?  root_path):
  
app/controllers/items_controller.rb:9:in `create'
Started POST "/items" for 127.0.0.1 at 2019-02-05 15:25:56 -0500
Processing by ItemsController#create as HTML
  Parameters: {"utf8"=>"✓", "authenticity_token"=>"MwFX5TUrKr/vYtoBGJJBCBwGIuL1dei2suhgAqAqB4grrmr1Z802Pxdzp0Hc+VSicNYjoHx1wZRvK3lT2xzNkg==", "item"=>{"name"=>"Orange", "quantity"=>"4"}, "commit"=>"Add Item"}
  [1m[35m (0.3ms)[0m  [1m[35mBEGIN[0m
  ↳ app/controllers/items_controller.rb:8
  [1m[36mItem Create (0.5ms)[0m  [1m[32mINSERT INTO "items" ("name", "quantity", "created_at", "updated_at") VALUES ($1, $2, $3, $4) RETURNING "id"[0m  [["name", "Orange"], ["quantity", 4], ["created_at", "2019-02-05 20:25:56.350860"], ["updated_at", "2019-02-05 20:25:56.350860"]]
  ↳ app/controllers/items_controller.rb:8
  [1m[35m (40.6ms)[0m  [1m[35mCOMMIT[0m
  ↳ app/controllers/items_controller.rb:8
Redirected to http://localhost:3000/
Completed 302 Found in 61ms (ActiveRecord: 46.4ms)


Started GET "/" for 127.0.0.1 at 2019-02-05 15:25:56 -0500
Processing by ItemsController#index as HTML
  Rendering items/index.html.erb within layouts/application
  [1m[36mItem Load (0.6ms)[0m  [1m[34mSELECT "items".* FROM "items"[0m
  ↳ app/views/items/index.html.erb:18
  Rendered items/index.html.erb within layouts/application (8.3ms)
Completed 200 OK in 126ms (Views: 122.4ms | ActiveRecord: 0.6ms)


Started POST "/items" for 127.0.0.1 at 2019-02-05 15:26:05 -0500
Processing by ItemsController#create as HTML
  Parameters: {"utf8"=>"✓", "authenticity_token"=>"E/lztwh4Ww+slNjsvRnaRhtGiDuFVhceh9u+kfW5BdQLVk6nWp5Hj1SFpax5cs/sd5aJeQxWPjxaGKfAjo/Pzg==", "item"=>{"name"=>"Bread", "quantity"=>"50"}, "commit"=>"Add Item"}
  [1m[35m (0.4ms)[0m  [1m[35mBEGIN[0m
  ↳ app/controllers/items_controller.rb:8
  [1m[36mItem Create (0.8ms)[0m  [1m[32mINSERT INTO "items" ("name", "quantity", "created_at", "updated_at") VALUES ($1, $2, $3, $4) RETURNING "id"[0m  [["name", "Bread"], ["quantity", 50], ["created_at", "2019-02-05 20:26:05.677497"], ["updated_at", "2019-02-05 20:26:05.677497"]]
  ↳ app/controllers/items_controller.rb:8
  [1m[35m (41.8ms)[0m  [1m[35mCOMMIT[0m
  ↳ app/controllers/items_controller.rb:8
Redirected to http://localhost:3000/
Completed 302 Found in 51ms (ActiveRecord: 43.0ms)


Started GET "/" for 127.0.0.1 at 2019-02-05 15:26:05 -0500
Processing by ItemsController#index as HTML
  Rendering items/index.html.erb within layouts/application
  [1m[36mItem Load (0.6ms)[0m  [1m[34mSELECT "items".* FROM "items"[0m
  ↳ app/views/items/index.html.erb:18
  Rendered items/index.html.erb within layouts/application (20.5ms)
Completed 200 OK in 136ms (Views: 133.2ms | ActiveRecord: 0.6ms)


Started GET "/" for 127.0.0.1 at 2019-02-05 15:26:41 -0500
Processing by ItemsController#index as HTML
  Rendering items/index.html.erb within layouts/application
  [1m[36mItem Load (0.5ms)[0m  [1m[34mSELECT "items".* FROM "items"[0m
  ↳ app/views/items/index.html.erb:18
  Rendered items/index.html.erb within layouts/application (13.4ms)
Completed 200 OK in 110ms (Views: 106.6ms | ActiveRecord: 0.5ms)


